::1 - - [30/Mar/2016:22:04:55 +0000] "GET / HTTP/1.1" 304 - "-" "Mozilla/5.0 (Windows NT 6.1; WOW64) AppleWebKit/537.36 (KHTML, like Gecko) Chrome/48.0.2564.116 Safari/537.36"
::1 - - [30/Mar/2016:22:05:00 +0000] "GET /blog/ HTTP/1.1" 200 17986 "-" "Mozilla/5.0 (Windows NT 6.1; WOW64) AppleWebKit/537.36 (KHTML, like Gecko) Chrome/48.0.2564.116 Safari/537.36"
::1 - - [30/Mar/2016:22:05:00 +0000] "GET /css/common.css HTTP/1.1" 304 - "http://localhost/blog/" "Mozilla/5.0 (Windows NT 6.1; WOW64) AppleWebKit/537.36 (KHTML, like Gecko) Chrome/48.0.2564.116 Safari/537.36"
::1 - - [30/Mar/2016:22:05:00 +0000] "GET /images/logo.png HTTP/1.1" 304 - "http://localhost/blog/" "Mozilla/5.0 (Windows NT 6.1; WOW64) AppleWebKit/537.36 (KHTML, like Gecko) Chrome/48.0.2564.116 Safari/537.36"
::1 - - [30/Mar/2016:22:05:00 +0000] "GET /css/blog.css HTTP/1.1" 200 7780 "http://localhost/blog/" "Mozilla/5.0 (Windows NT 6.1; WOW64) AppleWebKit/537.36 (KHTML, like Gecko) Chrome/48.0.2564.116 Safari/537.36"
::1 - - [30/Mar/2016:22:05:00 +0000] "GET /js/sea.js HTTP/1.1" 200 8504 "http://localhost/blog/" "Mozilla/5.0 (Windows NT 6.1; WOW64) AppleWebKit/537.36 (KHTML, like Gecko) Chrome/48.0.2564.116 Safari/537.36"
::1 - - [30/Mar/2016:22:05:00 +0000] "GET /images/a1.jpg HTTP/1.1" 304 - "http://localhost/blog/" "Mozilla/5.0 (Windows NT 6.1; WOW64) AppleWebKit/537.36 (KHTML, like Gecko) Chrome/48.0.2564.116 Safari/537.36"
::1 - - [30/Mar/2016:22:05:00 +0000] "GET /images/a2.jpg HTTP/1.1" 304 - "http://localhost/blog/" "Mozilla/5.0 (Windows NT 6.1; WOW64) AppleWebKit/537.36 (KHTML, like Gecko) Chrome/48.0.2564.116 Safari/537.36"
::1 - - [30/Mar/2016:22:05:00 +0000] "GET /images/a3.jpg HTTP/1.1" 304 - "http://localhost/blog/" "Mozilla/5.0 (Windows NT 6.1; WOW64) AppleWebKit/537.36 (KHTML, like Gecko) Chrome/48.0.2564.116 Safari/537.36"
::1 - - [30/Mar/2016:22:05:00 +0000] "GET /images/a4.jpg HTTP/1.1" 304 - "http://localhost/blog/" "Mozilla/5.0 (Windows NT 6.1; WOW64) AppleWebKit/537.36 (KHTML, like Gecko) Chrome/48.0.2564.116 Safari/537.36"
::1 - - [30/Mar/2016:22:05:00 +0000] "GET /images/01.jpg HTTP/1.1" 304 - "http://localhost/blog/" "Mozilla/5.0 (Windows NT 6.1; WOW64) AppleWebKit/537.36 (KHTML, like Gecko) Chrome/48.0.2564.116 Safari/537.36"
::1 - - [30/Mar/2016:22:05:00 +0000] "GET /images/new_icon.png HTTP/1.1" 304 - "http://localhost/css/blog.css" "Mozilla/5.0 (Windows NT 6.1; WOW64) AppleWebKit/537.36 (KHTML, like Gecko) Chrome/48.0.2564.116 Safari/537.36"
::1 - - [30/Mar/2016:22:05:00 +0000] "GET /images/ico_05_1.jpg HTTP/1.1" 304 - "http://localhost/css/blog.css" "Mozilla/5.0 (Windows NT 6.1; WOW64) AppleWebKit/537.36 (KHTML, like Gecko) Chrome/48.0.2564.116 Safari/537.36"
::1 - - [30/Mar/2016:22:05:00 +0000] "GET /images/lanmbq.png HTTP/1.1" 304 - "http://localhost/css/blog.css" "Mozilla/5.0 (Windows NT 6.1; WOW64) AppleWebKit/537.36 (KHTML, like Gecko) Chrome/48.0.2564.116 Safari/537.36"
::1 - - [30/Mar/2016:22:05:00 +0000] "GET /images/datepng.png HTTP/1.1" 304 - "http://localhost/css/blog.css" "Mozilla/5.0 (Windows NT 6.1; WOW64) AppleWebKit/537.36 (KHTML, like Gecko) Chrome/48.0.2564.116 Safari/537.36"
::1 - - [30/Mar/2016:22:05:01 +0000] "GET /js/modules/index.js HTTP/1.1" 200 1864 "http://localhost/blog/" "Mozilla/5.0 (Windows NT 6.1; WOW64) AppleWebKit/537.36 (KHTML, like Gecko) Chrome/48.0.2564.116 Safari/537.36"
::1 - - [30/Mar/2016:22:05:01 +0000] "GET /js/modules/sea-jquery-easing.js HTTP/1.1" 200 3696 "http://localhost/blog/" "Mozilla/5.0 (Windows NT 6.1; WOW64) AppleWebKit/537.36 (KHTML, like Gecko) Chrome/48.0.2564.116 Safari/537.36"
::1 - - [30/Mar/2016:22:05:01 +0000] "GET /js/modules/sea-jquery-datatable.js HTTP/1.1" 200 86742 "http://localhost/blog/" "Mozilla/5.0 (Windows NT 6.1; WOW64) AppleWebKit/537.36 (KHTML, like Gecko) Chrome/48.0.2564.116 Safari/537.36"
::1 - - [30/Mar/2016:22:05:01 +0000] "GET /js/modules/sea-jquery.js HTTP/1.1" 200 97297 "http://localhost/blog/" "Mozilla/5.0 (Windows NT 6.1; WOW64) AppleWebKit/537.36 (KHTML, like Gecko) Chrome/48.0.2564.116 Safari/537.36"
::ffff:172.82.166.210 - - [30/Mar/2016:22:15:56 +0000] "GET http://www.baidu.com/cache/global/img/gs.gif HTTP/1.1" 404 897 "-" "Mozilla"
::1 - - [30/Mar/2016:22:41:13 +0000] "GET /blog/aa HTTP/1.1" 500 935 "-" "Mozilla/5.0 (Windows NT 6.1; WOW64) AppleWebKit/537.36 (KHTML, like Gecko) Chrome/48.0.2564.116 Safari/537.36"
::1 - - [30/Mar/2016:22:41:13 +0000] "GET /css/style.css HTTP/1.1" 304 - "http://localhost/blog/aa" "Mozilla/5.0 (Windows NT 6.1; WOW64) AppleWebKit/537.36 (KHTML, like Gecko) Chrome/48.0.2564.116 Safari/537.36"
::1 - - [30/Mar/2016:22:41:35 +0000] "GET /blog/aa HTTP/1.1" 500 1370 "-" "Mozilla/5.0 (Windows NT 6.1; WOW64) AppleWebKit/537.36 (KHTML, like Gecko) Chrome/48.0.2564.116 Safari/537.36"
::1 - - [30/Mar/2016:22:41:35 +0000] "GET /css/style.css HTTP/1.1" 304 - "http://localhost/blog/aa" "Mozilla/5.0 (Windows NT 6.1; WOW64) AppleWebKit/537.36 (KHTML, like Gecko) Chrome/48.0.2564.116 Safari/537.36"
::1 - - [30/Mar/2016:22:41:36 +0000] "GET /favicon.ico HTTP/1.1" 200 4286 "http://localhost/blog/aa" "Mozilla/5.0 (Windows NT 6.1; WOW64) AppleWebKit/537.36 (KHTML, like Gecko) Chrome/48.0.2564.116 Safari/537.36"
::1 - - [30/Mar/2016:22:42:53 +0000] "GET /blog/aa HTTP/1.1" 500 1370 "-" "Mozilla/5.0 (Windows NT 6.1; WOW64) AppleWebKit/537.36 (KHTML, like Gecko) Chrome/48.0.2564.116 Safari/537.36"
::1 - - [30/Mar/2016:22:42:53 +0000] "GET /css/style.css HTTP/1.1" 304 - "http://localhost/blog/aa" "Mozilla/5.0 (Windows NT 6.1; WOW64) AppleWebKit/537.36 (KHTML, like Gecko) Chrome/48.0.2564.116 Safari/537.36"
::1 - - [30/Mar/2016:22:42:53 +0000] "GET /favicon.ico HTTP/1.1" 200 4286 "http://localhost/blog/aa" "Mozilla/5.0 (Windows NT 6.1; WOW64) AppleWebKit/537.36 (KHTML, like Gecko) Chrome/48.0.2564.116 Safari/537.36"
::1 - - [30/Mar/2016:22:42:55 +0000] "GET /blog/aa HTTP/1.1" 500 1370 "-" "Mozilla/5.0 (Windows NT 6.1; WOW64) AppleWebKit/537.36 (KHTML, like Gecko) Chrome/48.0.2564.116 Safari/537.36"
::1 - - [30/Mar/2016:22:42:55 +0000] "GET /css/style.css HTTP/1.1" 200 111 "http://localhost/blog/aa" "Mozilla/5.0 (Windows NT 6.1; WOW64) AppleWebKit/537.36 (KHTML, like Gecko) Chrome/48.0.2564.116 Safari/537.36"
::1 - - [30/Mar/2016:22:42:55 +0000] "GET /favicon.ico HTTP/1.1" 200 4286 "http://localhost/blog/aa" "Mozilla/5.0 (Windows NT 6.1; WOW64) AppleWebKit/537.36 (KHTML, like Gecko) Chrome/48.0.2564.116 Safari/537.36"
::1 - - [30/Mar/2016:22:44:32 +0000] "GET /blog/aa HTTP/1.1" 200 901 "-" "Mozilla/5.0 (Windows NT 6.1; WOW64) AppleWebKit/537.36 (KHTML, like Gecko) Chrome/48.0.2564.116 Safari/537.36"
::1 - - [30/Mar/2016:22:44:32 +0000] "GET /css/style.css HTTP/1.1" 304 - "http://localhost/blog/aa" "Mozilla/5.0 (Windows NT 6.1; WOW64) AppleWebKit/537.36 (KHTML, like Gecko) Chrome/48.0.2564.116 Safari/537.36"
::1 - - [30/Mar/2016:22:44:32 +0000] "GET /favicon.ico HTTP/1.1" 200 4286 "http://localhost/blog/aa" "Mozilla/5.0 (Windows NT 6.1; WOW64) AppleWebKit/537.36 (KHTML, like Gecko) Chrome/48.0.2564.116 Safari/537.36"
::1 - - [30/Mar/2016:22:44:56 +0000] "GET /blog/aa HTTP/1.1" 200 148 "-" "Mozilla/5.0 (Windows NT 6.1; WOW64) AppleWebKit/537.36 (KHTML, like Gecko) Chrome/48.0.2564.116 Safari/537.36"
::1 - - [30/Mar/2016:22:44:57 +0000] "GET /css/style.css HTTP/1.1" 304 - "http://localhost/blog/aa" "Mozilla/5.0 (Windows NT 6.1; WOW64) AppleWebKit/537.36 (KHTML, like Gecko) Chrome/48.0.2564.116 Safari/537.36"
::1 - - [30/Mar/2016:22:44:57 +0000] "GET /favicon.ico HTTP/1.1" 200 4286 "http://localhost/blog/aa" "Mozilla/5.0 (Windows NT 6.1; WOW64) AppleWebKit/537.36 (KHTML, like Gecko) Chrome/48.0.2564.116 Safari/537.36"
::1 - - [30/Mar/2016:22:45:30 +0000] "GET /blog/aa HTTP/1.1" 200 174 "-" "Mozilla/5.0 (Windows NT 6.1; WOW64) AppleWebKit/537.36 (KHTML, like Gecko) Chrome/48.0.2564.116 Safari/537.36"
::1 - - [30/Mar/2016:22:45:31 +0000] "GET /css/style.css HTTP/1.1" 304 - "http://localhost/blog/aa" "Mozilla/5.0 (Windows NT 6.1; WOW64) AppleWebKit/537.36 (KHTML, like Gecko) Chrome/48.0.2564.116 Safari/537.36"
::1 - - [30/Mar/2016:22:45:31 +0000] "GET /favicon.ico HTTP/1.1" 200 4286 "http://localhost/blog/aa" "Mozilla/5.0 (Windows NT 6.1; WOW64) AppleWebKit/537.36 (KHTML, like Gecko) Chrome/48.0.2564.116 Safari/537.36"
::1 - - [30/Mar/2016:22:45:31 +0000] "GET /blog/aa HTTP/1.1" 304 - "-" "Mozilla/5.0 (Windows NT 6.1; WOW64) AppleWebKit/537.36 (KHTML, like Gecko) Chrome/48.0.2564.116 Safari/537.36"
::1 - - [30/Mar/2016:22:45:31 +0000] "GET /css/style.css HTTP/1.1" 304 - "http://localhost/blog/aa" "Mozilla/5.0 (Windows NT 6.1; WOW64) AppleWebKit/537.36 (KHTML, like Gecko) Chrome/48.0.2564.116 Safari/537.36"
::1 - - [30/Mar/2016:22:45:31 +0000] "GET /favicon.ico HTTP/1.1" 200 4286 "http://localhost/blog/aa" "Mozilla/5.0 (Windows NT 6.1; WOW64) AppleWebKit/537.36 (KHTML, like Gecko) Chrome/48.0.2564.116 Safari/537.36"
::1 - - [30/Mar/2016:22:45:31 +0000] "GET /blog/aa HTTP/1.1" 304 - "-" "Mozilla/5.0 (Windows NT 6.1; WOW64) AppleWebKit/537.36 (KHTML, like Gecko) Chrome/48.0.2564.116 Safari/537.36"
::1 - - [30/Mar/2016:22:45:31 +0000] "GET /css/style.css HTTP/1.1" 304 - "http://localhost/blog/aa" "Mozilla/5.0 (Windows NT 6.1; WOW64) AppleWebKit/537.36 (KHTML, like Gecko) Chrome/48.0.2564.116 Safari/537.36"
::1 - - [30/Mar/2016:22:45:31 +0000] "GET /favicon.ico HTTP/1.1" 200 4286 "http://localhost/blog/aa" "Mozilla/5.0 (Windows NT 6.1; WOW64) AppleWebKit/537.36 (KHTML, like Gecko) Chrome/48.0.2564.116 Safari/537.36"
::1 - - [30/Mar/2016:22:46:50 +0000] "GET /blog/aa HTTP/1.1" 200 189 "-" "Mozilla/5.0 (Windows NT 6.1; WOW64) AppleWebKit/537.36 (KHTML, like Gecko) Chrome/48.0.2564.116 Safari/537.36"
::1 - - [30/Mar/2016:22:46:50 +0000] "GET /css/style.css HTTP/1.1" 304 - "http://localhost/blog/aa" "Mozilla/5.0 (Windows NT 6.1; WOW64) AppleWebKit/537.36 (KHTML, like Gecko) Chrome/48.0.2564.116 Safari/537.36"
::1 - - [30/Mar/2016:22:46:50 +0000] "GET /favicon.ico HTTP/1.1" 200 4286 "http://localhost/blog/aa" "Mozilla/5.0 (Windows NT 6.1; WOW64) AppleWebKit/537.36 (KHTML, like Gecko) Chrome/48.0.2564.116 Safari/537.36"
::1 - - [30/Mar/2016:22:47:56 +0000] "GET /blog/aa HTTP/1.1" 200 211 "-" "Mozilla/5.0 (Windows NT 6.1; WOW64) AppleWebKit/537.36 (KHTML, like Gecko) Chrome/48.0.2564.116 Safari/537.36"
::1 - - [30/Mar/2016:22:47:56 +0000] "GET /css/style.css HTTP/1.1" 304 - "http://localhost/blog/aa" "Mozilla/5.0 (Windows NT 6.1; WOW64) AppleWebKit/537.36 (KHTML, like Gecko) Chrome/48.0.2564.116 Safari/537.36"
::1 - - [30/Mar/2016:22:47:56 +0000] "GET /favicon.ico HTTP/1.1" 200 4286 "http://localhost/blog/aa" "Mozilla/5.0 (Windows NT 6.1; WOW64) AppleWebKit/537.36 (KHTML, like Gecko) Chrome/48.0.2564.116 Safari/537.36"
::1 - - [30/Mar/2016:22:52:01 +0000] "GET /blog/aa HTTP/1.1" 500 1379 "-" "Mozilla/5.0 (Windows NT 6.1; WOW64) AppleWebKit/537.36 (KHTML, like Gecko) Chrome/48.0.2564.116 Safari/537.36"
::1 - - [30/Mar/2016:22:52:01 +0000] "GET /css/style.css HTTP/1.1" 304 - "http://localhost/blog/aa" "Mozilla/5.0 (Windows NT 6.1; WOW64) AppleWebKit/537.36 (KHTML, like Gecko) Chrome/48.0.2564.116 Safari/537.36"
::1 - - [30/Mar/2016:22:52:01 +0000] "GET /favicon.ico HTTP/1.1" 200 4286 "http://localhost/blog/aa" "Mozilla/5.0 (Windows NT 6.1; WOW64) AppleWebKit/537.36 (KHTML, like Gecko) Chrome/48.0.2564.116 Safari/537.36"
::1 - - [30/Mar/2016:22:52:57 +0000] "GET /blog/aa HTTP/1.1" 500 1372 "-" "Mozilla/5.0 (Windows NT 6.1; WOW64) AppleWebKit/537.36 (KHTML, like Gecko) Chrome/48.0.2564.116 Safari/537.36"
::1 - - [30/Mar/2016:22:52:57 +0000] "GET /css/style.css HTTP/1.1" 304 - "http://localhost/blog/aa" "Mozilla/5.0 (Windows NT 6.1; WOW64) AppleWebKit/537.36 (KHTML, like Gecko) Chrome/48.0.2564.116 Safari/537.36"
::1 - - [30/Mar/2016:22:52:57 +0000] "GET /favicon.ico HTTP/1.1" 200 4286 "http://localhost/blog/aa" "Mozilla/5.0 (Windows NT 6.1; WOW64) AppleWebKit/537.36 (KHTML, like Gecko) Chrome/48.0.2564.116 Safari/537.36"
::1 - - [30/Mar/2016:22:54:57 +0000] "GET /blog/aa HTTP/1.1" 500 1364 "-" "Mozilla/5.0 (Windows NT 6.1; WOW64) AppleWebKit/537.36 (KHTML, like Gecko) Chrome/48.0.2564.116 Safari/537.36"
::1 - - [30/Mar/2016:22:54:57 +0000] "GET /css/style.css HTTP/1.1" 304 - "http://localhost/blog/aa" "Mozilla/5.0 (Windows NT 6.1; WOW64) AppleWebKit/537.36 (KHTML, like Gecko) Chrome/48.0.2564.116 Safari/537.36"
::1 - - [30/Mar/2016:22:54:57 +0000] "GET /favicon.ico HTTP/1.1" 200 4286 "http://localhost/blog/aa" "Mozilla/5.0 (Windows NT 6.1; WOW64) AppleWebKit/537.36 (KHTML, like Gecko) Chrome/48.0.2564.116 Safari/537.36"
::1 - - [30/Mar/2016:22:55:07 +0000] "GET /blog/aa HTTP/1.1" 500 1370 "-" "Mozilla/5.0 (Windows NT 6.1; WOW64) AppleWebKit/537.36 (KHTML, like Gecko) Chrome/48.0.2564.116 Safari/537.36"
::1 - - [30/Mar/2016:22:55:07 +0000] "GET /css/style.css HTTP/1.1" 304 - "http://localhost/blog/aa" "Mozilla/5.0 (Windows NT 6.1; WOW64) AppleWebKit/537.36 (KHTML, like Gecko) Chrome/48.0.2564.116 Safari/537.36"
::1 - - [30/Mar/2016:22:55:07 +0000] "GET /favicon.ico HTTP/1.1" 200 4286 "http://localhost/blog/aa" "Mozilla/5.0 (Windows NT 6.1; WOW64) AppleWebKit/537.36 (KHTML, like Gecko) Chrome/48.0.2564.116 Safari/537.36"
::1 - - [30/Mar/2016:22:55:08 +0000] "GET /blog/aa HTTP/1.1" 500 1370 "-" "Mozilla/5.0 (Windows NT 6.1; WOW64) AppleWebKit/537.36 (KHTML, like Gecko) Chrome/48.0.2564.116 Safari/537.36"
::1 - - [30/Mar/2016:22:55:08 +0000] "GET /css/style.css HTTP/1.1" 304 - "http://localhost/blog/aa" "Mozilla/5.0 (Windows NT 6.1; WOW64) AppleWebKit/537.36 (KHTML, like Gecko) Chrome/48.0.2564.116 Safari/537.36"
::1 - - [30/Mar/2016:22:55:08 +0000] "GET /favicon.ico HTTP/1.1" 200 4286 "http://localhost/blog/aa" "Mozilla/5.0 (Windows NT 6.1; WOW64) AppleWebKit/537.36 (KHTML, like Gecko) Chrome/48.0.2564.116 Safari/537.36"
::1 - - [30/Mar/2016:22:55:08 +0000] "GET /blog/aa HTTP/1.1" 500 1370 "-" "Mozilla/5.0 (Windows NT 6.1; WOW64) AppleWebKit/537.36 (KHTML, like Gecko) Chrome/48.0.2564.116 Safari/537.36"
::1 - - [30/Mar/2016:22:55:08 +0000] "GET /css/style.css HTTP/1.1" 304 - "http://localhost/blog/aa" "Mozilla/5.0 (Windows NT 6.1; WOW64) AppleWebKit/537.36 (KHTML, like Gecko) Chrome/48.0.2564.116 Safari/537.36"
::1 - - [30/Mar/2016:22:55:08 +0000] "GET /favicon.ico HTTP/1.1" 200 4286 "http://localhost/blog/aa" "Mozilla/5.0 (Windows NT 6.1; WOW64) AppleWebKit/537.36 (KHTML, like Gecko) Chrome/48.0.2564.116 Safari/537.36"
::1 - - [30/Mar/2016:22:55:08 +0000] "GET /blog/aa HTTP/1.1" 500 1370 "-" "Mozilla/5.0 (Windows NT 6.1; WOW64) AppleWebKit/537.36 (KHTML, like Gecko) Chrome/48.0.2564.116 Safari/537.36"
::1 - - [30/Mar/2016:22:55:08 +0000] "GET /css/style.css HTTP/1.1" 304 - "http://localhost/blog/aa" "Mozilla/5.0 (Windows NT 6.1; WOW64) AppleWebKit/537.36 (KHTML, like Gecko) Chrome/48.0.2564.116 Safari/537.36"
::1 - - [30/Mar/2016:22:55:09 +0000] "GET /favicon.ico HTTP/1.1" 200 4286 "http://localhost/blog/aa" "Mozilla/5.0 (Windows NT 6.1; WOW64) AppleWebKit/537.36 (KHTML, like Gecko) Chrome/48.0.2564.116 Safari/537.36"
::1 - - [30/Mar/2016:22:55:09 +0000] "GET /blog/aa HTTP/1.1" 500 1370 "-" "Mozilla/5.0 (Windows NT 6.1; WOW64) AppleWebKit/537.36 (KHTML, like Gecko) Chrome/48.0.2564.116 Safari/537.36"
::1 - - [30/Mar/2016:22:55:09 +0000] "GET /css/style.css HTTP/1.1" 304 - "http://localhost/blog/aa" "Mozilla/5.0 (Windows NT 6.1; WOW64) AppleWebKit/537.36 (KHTML, like Gecko) Chrome/48.0.2564.116 Safari/537.36"
::1 - - [30/Mar/2016:22:55:09 +0000] "GET /favicon.ico HTTP/1.1" 200 4286 "http://localhost/blog/aa" "Mozilla/5.0 (Windows NT 6.1; WOW64) AppleWebKit/537.36 (KHTML, like Gecko) Chrome/48.0.2564.116 Safari/537.36"
::1 - - [30/Mar/2016:22:55:09 +0000] "GET /blog/aa HTTP/1.1" 500 1370 "-" "Mozilla/5.0 (Windows NT 6.1; WOW64) AppleWebKit/537.36 (KHTML, like Gecko) Chrome/48.0.2564.116 Safari/537.36"
::1 - - [30/Mar/2016:22:55:09 +0000] "GET /css/style.css HTTP/1.1" 304 - "http://localhost/blog/aa" "Mozilla/5.0 (Windows NT 6.1; WOW64) AppleWebKit/537.36 (KHTML, like Gecko) Chrome/48.0.2564.116 Safari/537.36"
::1 - - [30/Mar/2016:22:55:09 +0000] "GET /favicon.ico HTTP/1.1" 200 4286 "http://localhost/blog/aa" "Mozilla/5.0 (Windows NT 6.1; WOW64) AppleWebKit/537.36 (KHTML, like Gecko) Chrome/48.0.2564.116 Safari/537.36"
::1 - - [30/Mar/2016:22:57:11 +0000] "GET /blog/aa HTTP/1.1" 500 1177 "-" "Mozilla/5.0 (Windows NT 6.1; WOW64) AppleWebKit/537.36 (KHTML, like Gecko) Chrome/48.0.2564.116 Safari/537.36"
::1 - - [30/Mar/2016:22:57:11 +0000] "GET /css/style.css HTTP/1.1" 304 - "http://localhost/blog/aa" "Mozilla/5.0 (Windows NT 6.1; WOW64) AppleWebKit/537.36 (KHTML, like Gecko) Chrome/48.0.2564.116 Safari/537.36"
::1 - - [30/Mar/2016:22:57:11 +0000] "GET /favicon.ico HTTP/1.1" 200 4286 "http://localhost/blog/aa" "Mozilla/5.0 (Windows NT 6.1; WOW64) AppleWebKit/537.36 (KHTML, like Gecko) Chrome/48.0.2564.116 Safari/537.36"
::1 - - [30/Mar/2016:22:57:53 +0000] "GET /blog/aa HTTP/1.1" 500 1181 "-" "Mozilla/5.0 (Windows NT 6.1; WOW64) AppleWebKit/537.36 (KHTML, like Gecko) Chrome/48.0.2564.116 Safari/537.36"
::1 - - [30/Mar/2016:22:57:53 +0000] "GET /css/style.css HTTP/1.1" 304 - "http://localhost/blog/aa" "Mozilla/5.0 (Windows NT 6.1; WOW64) AppleWebKit/537.36 (KHTML, like Gecko) Chrome/48.0.2564.116 Safari/537.36"
::1 - - [30/Mar/2016:22:57:53 +0000] "GET /favicon.ico HTTP/1.1" 200 4286 "http://localhost/blog/aa" "Mozilla/5.0 (Windows NT 6.1; WOW64) AppleWebKit/537.36 (KHTML, like Gecko) Chrome/48.0.2564.116 Safari/537.36"
::1 - - [30/Mar/2016:22:58:27 +0000] "GET /blog/aa HTTP/1.1" 500 1185 "-" "Mozilla/5.0 (Windows NT 6.1; WOW64) AppleWebKit/537.36 (KHTML, like Gecko) Chrome/48.0.2564.116 Safari/537.36"
::1 - - [30/Mar/2016:22:58:27 +0000] "GET /css/style.css HTTP/1.1" 304 - "http://localhost/blog/aa" "Mozilla/5.0 (Windows NT 6.1; WOW64) AppleWebKit/537.36 (KHTML, like Gecko) Chrome/48.0.2564.116 Safari/537.36"
::1 - - [30/Mar/2016:22:58:27 +0000] "GET /favicon.ico HTTP/1.1" 200 4286 "http://localhost/blog/aa" "Mozilla/5.0 (Windows NT 6.1; WOW64) AppleWebKit/537.36 (KHTML, like Gecko) Chrome/48.0.2564.116 Safari/537.36"
::1 - - [30/Mar/2016:22:58:28 +0000] "GET /blog/aa HTTP/1.1" 500 1185 "-" "Mozilla/5.0 (Windows NT 6.1; WOW64) AppleWebKit/537.36 (KHTML, like Gecko) Chrome/48.0.2564.116 Safari/537.36"
::1 - - [30/Mar/2016:22:58:28 +0000] "GET /css/style.css HTTP/1.1" 304 - "http://localhost/blog/aa" "Mozilla/5.0 (Windows NT 6.1; WOW64) AppleWebKit/537.36 (KHTML, like Gecko) Chrome/48.0.2564.116 Safari/537.36"
::1 - - [30/Mar/2016:22:58:28 +0000] "GET /favicon.ico HTTP/1.1" 200 4286 "http://localhost/blog/aa" "Mozilla/5.0 (Windows NT 6.1; WOW64) AppleWebKit/537.36 (KHTML, like Gecko) Chrome/48.0.2564.116 Safari/537.36"
::1 - - [30/Mar/2016:22:58:28 +0000] "GET /blog/aa HTTP/1.1" 500 1185 "-" "Mozilla/5.0 (Windows NT 6.1; WOW64) AppleWebKit/537.36 (KHTML, like Gecko) Chrome/48.0.2564.116 Safari/537.36"
::1 - - [30/Mar/2016:22:58:28 +0000] "GET /css/style.css HTTP/1.1" 304 - "http://localhost/blog/aa" "Mozilla/5.0 (Windows NT 6.1; WOW64) AppleWebKit/537.36 (KHTML, like Gecko) Chrome/48.0.2564.116 Safari/537.36"
::1 - - [30/Mar/2016:22:58:28 +0000] "GET /favicon.ico HTTP/1.1" 200 4286 "http://localhost/blog/aa" "Mozilla/5.0 (Windows NT 6.1; WOW64) AppleWebKit/537.36 (KHTML, like Gecko) Chrome/48.0.2564.116 Safari/537.36"
::1 - - [30/Mar/2016:22:58:28 +0000] "GET /blog/aa HTTP/1.1" 500 1185 "-" "Mozilla/5.0 (Windows NT 6.1; WOW64) AppleWebKit/537.36 (KHTML, like Gecko) Chrome/48.0.2564.116 Safari/537.36"
::1 - - [30/Mar/2016:22:58:28 +0000] "GET /css/style.css HTTP/1.1" 304 - "http://localhost/blog/aa" "Mozilla/5.0 (Windows NT 6.1; WOW64) AppleWebKit/537.36 (KHTML, like Gecko) Chrome/48.0.2564.116 Safari/537.36"
::1 - - [30/Mar/2016:22:58:28 +0000] "GET /favicon.ico HTTP/1.1" 200 4286 "http://localhost/blog/aa" "Mozilla/5.0 (Windows NT 6.1; WOW64) AppleWebKit/537.36 (KHTML, like Gecko) Chrome/48.0.2564.116 Safari/537.36"
::1 - - [30/Mar/2016:22:58:35 +0000] "GET /blog/aa HTTP/1.1" 500 1139 "-" "Mozilla/5.0 (Windows NT 6.1; WOW64) AppleWebKit/537.36 (KHTML, like Gecko) Chrome/48.0.2564.116 Safari/537.36"
::1 - - [30/Mar/2016:22:58:35 +0000] "GET /css/style.css HTTP/1.1" 304 - "http://localhost/blog/aa" "Mozilla/5.0 (Windows NT 6.1; WOW64) AppleWebKit/537.36 (KHTML, like Gecko) Chrome/48.0.2564.116 Safari/537.36"
::1 - - [30/Mar/2016:22:58:35 +0000] "GET /favicon.ico HTTP/1.1" 200 4286 "http://localhost/blog/aa" "Mozilla/5.0 (Windows NT 6.1; WOW64) AppleWebKit/537.36 (KHTML, like Gecko) Chrome/48.0.2564.116 Safari/537.36"
::1 - - [30/Mar/2016:22:58:36 +0000] "GET /blog/aa HTTP/1.1" 500 1139 "-" "Mozilla/5.0 (Windows NT 6.1; WOW64) AppleWebKit/537.36 (KHTML, like Gecko) Chrome/48.0.2564.116 Safari/537.36"
::1 - - [30/Mar/2016:22:58:36 +0000] "GET /css/style.css HTTP/1.1" 304 - "http://localhost/blog/aa" "Mozilla/5.0 (Windows NT 6.1; WOW64) AppleWebKit/537.36 (KHTML, like Gecko) Chrome/48.0.2564.116 Safari/537.36"
::1 - - [30/Mar/2016:22:58:36 +0000] "GET /favicon.ico HTTP/1.1" 200 4286 "http://localhost/blog/aa" "Mozilla/5.0 (Windows NT 6.1; WOW64) AppleWebKit/537.36 (KHTML, like Gecko) Chrome/48.0.2564.116 Safari/537.36"
::1 - - [30/Mar/2016:22:58:36 +0000] "GET /blog/aa HTTP/1.1" 500 1139 "-" "Mozilla/5.0 (Windows NT 6.1; WOW64) AppleWebKit/537.36 (KHTML, like Gecko) Chrome/48.0.2564.116 Safari/537.36"
::1 - - [30/Mar/2016:22:58:36 +0000] "GET /css/style.css HTTP/1.1" 304 - "http://localhost/blog/aa" "Mozilla/5.0 (Windows NT 6.1; WOW64) AppleWebKit/537.36 (KHTML, like Gecko) Chrome/48.0.2564.116 Safari/537.36"
::1 - - [30/Mar/2016:22:58:36 +0000] "GET /favicon.ico HTTP/1.1" 200 4286 "http://localhost/blog/aa" "Mozilla/5.0 (Windows NT 6.1; WOW64) AppleWebKit/537.36 (KHTML, like Gecko) Chrome/48.0.2564.116 Safari/537.36"
::1 - - [30/Mar/2016:22:58:36 +0000] "GET /blog/aa HTTP/1.1" 500 1139 "-" "Mozilla/5.0 (Windows NT 6.1; WOW64) AppleWebKit/537.36 (KHTML, like Gecko) Chrome/48.0.2564.116 Safari/537.36"
::1 - - [30/Mar/2016:22:58:36 +0000] "GET /css/style.css HTTP/1.1" 304 - "http://localhost/blog/aa" "Mozilla/5.0 (Windows NT 6.1; WOW64) AppleWebKit/537.36 (KHTML, like Gecko) Chrome/48.0.2564.116 Safari/537.36"
::1 - - [30/Mar/2016:22:58:36 +0000] "GET /favicon.ico HTTP/1.1" 200 4286 "http://localhost/blog/aa" "Mozilla/5.0 (Windows NT 6.1; WOW64) AppleWebKit/537.36 (KHTML, like Gecko) Chrome/48.0.2564.116 Safari/537.36"
::1 - - [30/Mar/2016:22:58:36 +0000] "GET /blog/aa HTTP/1.1" 500 1139 "-" "Mozilla/5.0 (Windows NT 6.1; WOW64) AppleWebKit/537.36 (KHTML, like Gecko) Chrome/48.0.2564.116 Safari/537.36"
::1 - - [30/Mar/2016:22:58:36 +0000] "GET /css/style.css HTTP/1.1" 304 - "http://localhost/blog/aa" "Mozilla/5.0 (Windows NT 6.1; WOW64) AppleWebKit/537.36 (KHTML, like Gecko) Chrome/48.0.2564.116 Safari/537.36"
::1 - - [30/Mar/2016:22:58:36 +0000] "GET /favicon.ico HTTP/1.1" 200 4286 "http://localhost/blog/aa" "Mozilla/5.0 (Windows NT 6.1; WOW64) AppleWebKit/537.36 (KHTML, like Gecko) Chrome/48.0.2564.116 Safari/537.36"
::1 - - [30/Mar/2016:22:58:36 +0000] "GET /blog/aa HTTP/1.1" 500 1139 "-" "Mozilla/5.0 (Windows NT 6.1; WOW64) AppleWebKit/537.36 (KHTML, like Gecko) Chrome/48.0.2564.116 Safari/537.36"
::1 - - [30/Mar/2016:22:58:36 +0000] "GET /css/style.css HTTP/1.1" 304 - "http://localhost/blog/aa" "Mozilla/5.0 (Windows NT 6.1; WOW64) AppleWebKit/537.36 (KHTML, like Gecko) Chrome/48.0.2564.116 Safari/537.36"
::1 - - [30/Mar/2016:22:58:37 +0000] "GET /favicon.ico HTTP/1.1" 200 4286 "http://localhost/blog/aa" "Mozilla/5.0 (Windows NT 6.1; WOW64) AppleWebKit/537.36 (KHTML, like Gecko) Chrome/48.0.2564.116 Safari/537.36"
::1 - - [30/Mar/2016:22:59:04 +0000] "GET /blog/aa HTTP/1.1" 500 1135 "-" "Mozilla/5.0 (Windows NT 6.1; WOW64) AppleWebKit/537.36 (KHTML, like Gecko) Chrome/48.0.2564.116 Safari/537.36"
::1 - - [30/Mar/2016:22:59:04 +0000] "GET /css/style.css HTTP/1.1" 304 - "http://localhost/blog/aa" "Mozilla/5.0 (Windows NT 6.1; WOW64) AppleWebKit/537.36 (KHTML, like Gecko) Chrome/48.0.2564.116 Safari/537.36"
::1 - - [30/Mar/2016:22:59:04 +0000] "GET /favicon.ico HTTP/1.1" 200 4286 "http://localhost/blog/aa" "Mozilla/5.0 (Windows NT 6.1; WOW64) AppleWebKit/537.36 (KHTML, like Gecko) Chrome/48.0.2564.116 Safari/537.36"
::1 - - [30/Mar/2016:22:59:05 +0000] "GET /blog/aa HTTP/1.1" 500 1135 "-" "Mozilla/5.0 (Windows NT 6.1; WOW64) AppleWebKit/537.36 (KHTML, like Gecko) Chrome/48.0.2564.116 Safari/537.36"
::1 - - [30/Mar/2016:22:59:05 +0000] "GET /css/style.css HTTP/1.1" 304 - "http://localhost/blog/aa" "Mozilla/5.0 (Windows NT 6.1; WOW64) AppleWebKit/537.36 (KHTML, like Gecko) Chrome/48.0.2564.116 Safari/537.36"
::1 - - [30/Mar/2016:22:59:05 +0000] "GET /favicon.ico HTTP/1.1" 200 4286 "http://localhost/blog/aa" "Mozilla/5.0 (Windows NT 6.1; WOW64) AppleWebKit/537.36 (KHTML, like Gecko) Chrome/48.0.2564.116 Safari/537.36"
::1 - - [30/Mar/2016:22:59:05 +0000] "GET /blog/aa HTTP/1.1" 500 1135 "-" "Mozilla/5.0 (Windows NT 6.1; WOW64) AppleWebKit/537.36 (KHTML, like Gecko) Chrome/48.0.2564.116 Safari/537.36"
::1 - - [30/Mar/2016:22:59:05 +0000] "GET /css/style.css HTTP/1.1" 304 - "http://localhost/blog/aa" "Mozilla/5.0 (Windows NT 6.1; WOW64) AppleWebKit/537.36 (KHTML, like Gecko) Chrome/48.0.2564.116 Safari/537.36"
::1 - - [30/Mar/2016:22:59:05 +0000] "GET /favicon.ico HTTP/1.1" 200 4286 "http://localhost/blog/aa" "Mozilla/5.0 (Windows NT 6.1; WOW64) AppleWebKit/537.36 (KHTML, like Gecko) Chrome/48.0.2564.116 Safari/537.36"
::1 - - [30/Mar/2016:22:59:05 +0000] "GET /blog/aa HTTP/1.1" 500 1135 "-" "Mozilla/5.0 (Windows NT 6.1; WOW64) AppleWebKit/537.36 (KHTML, like Gecko) Chrome/48.0.2564.116 Safari/537.36"
::1 - - [30/Mar/2016:22:59:05 +0000] "GET /css/style.css HTTP/1.1" 304 - "http://localhost/blog/aa" "Mozilla/5.0 (Windows NT 6.1; WOW64) AppleWebKit/537.36 (KHTML, like Gecko) Chrome/48.0.2564.116 Safari/537.36"
::1 - - [30/Mar/2016:22:59:05 +0000] "GET /favicon.ico HTTP/1.1" 200 4286 "http://localhost/blog/aa" "Mozilla/5.0 (Windows NT 6.1; WOW64) AppleWebKit/537.36 (KHTML, like Gecko) Chrome/48.0.2564.116 Safari/537.36"
::1 - - [30/Mar/2016:22:59:05 +0000] "GET /blog/aa HTTP/1.1" 500 1135 "-" "Mozilla/5.0 (Windows NT 6.1; WOW64) AppleWebKit/537.36 (KHTML, like Gecko) Chrome/48.0.2564.116 Safari/537.36"
::1 - - [30/Mar/2016:22:59:05 +0000] "GET /css/style.css HTTP/1.1" 304 - "http://localhost/blog/aa" "Mozilla/5.0 (Windows NT 6.1; WOW64) AppleWebKit/537.36 (KHTML, like Gecko) Chrome/48.0.2564.116 Safari/537.36"
::1 - - [30/Mar/2016:22:59:05 +0000] "GET /favicon.ico HTTP/1.1" 200 4286 "http://localhost/blog/aa" "Mozilla/5.0 (Windows NT 6.1; WOW64) AppleWebKit/537.36 (KHTML, like Gecko) Chrome/48.0.2564.116 Safari/537.36"
::1 - - [30/Mar/2016:22:59:06 +0000] "GET /blog/aa HTTP/1.1" 500 1135 "-" "Mozilla/5.0 (Windows NT 6.1; WOW64) AppleWebKit/537.36 (KHTML, like Gecko) Chrome/48.0.2564.116 Safari/537.36"
::1 - - [30/Mar/2016:22:59:06 +0000] "GET /css/style.css HTTP/1.1" 304 - "http://localhost/blog/aa" "Mozilla/5.0 (Windows NT 6.1; WOW64) AppleWebKit/537.36 (KHTML, like Gecko) Chrome/48.0.2564.116 Safari/537.36"
::1 - - [30/Mar/2016:22:59:06 +0000] "GET /favicon.ico HTTP/1.1" 200 4286 "http://localhost/blog/aa" "Mozilla/5.0 (Windows NT 6.1; WOW64) AppleWebKit/537.36 (KHTML, like Gecko) Chrome/48.0.2564.116 Safari/537.36"
::1 - - [30/Mar/2016:22:59:17 +0000] "GET /blog/aa HTTP/1.1" 200 1574 "-" "Mozilla/5.0 (Windows NT 6.1; WOW64) AppleWebKit/537.36 (KHTML, like Gecko) Chrome/48.0.2564.116 Safari/537.36"
::1 - - [30/Mar/2016:22:59:17 +0000] "GET /css/style.css HTTP/1.1" 304 - "http://localhost/blog/aa" "Mozilla/5.0 (Windows NT 6.1; WOW64) AppleWebKit/537.36 (KHTML, like Gecko) Chrome/48.0.2564.116 Safari/537.36"
::1 - - [30/Mar/2016:22:59:17 +0000] "GET /favicon.ico HTTP/1.1" 200 4286 "http://localhost/blog/aa" "Mozilla/5.0 (Windows NT 6.1; WOW64) AppleWebKit/537.36 (KHTML, like Gecko) Chrome/48.0.2564.116 Safari/537.36"
::1 - - [30/Mar/2016:22:59:51 +0000] "GET /blog/aa HTTP/1.1" 500 1325 "-" "Mozilla/5.0 (Windows NT 6.1; WOW64) AppleWebKit/537.36 (KHTML, like Gecko) Chrome/48.0.2564.116 Safari/537.36"
::1 - - [30/Mar/2016:22:59:51 +0000] "GET /css/style.css HTTP/1.1" 304 - "http://localhost/blog/aa" "Mozilla/5.0 (Windows NT 6.1; WOW64) AppleWebKit/537.36 (KHTML, like Gecko) Chrome/48.0.2564.116 Safari/537.36"
::1 - - [30/Mar/2016:22:59:51 +0000] "GET /favicon.ico HTTP/1.1" 200 4286 "http://localhost/blog/aa" "Mozilla/5.0 (Windows NT 6.1; WOW64) AppleWebKit/537.36 (KHTML, like Gecko) Chrome/48.0.2564.116 Safari/537.36"
::1 - - [30/Mar/2016:23:00:08 +0000] "GET /blog/aa HTTP/1.1" 500 1401 "-" "Mozilla/5.0 (Windows NT 6.1; WOW64) AppleWebKit/537.36 (KHTML, like Gecko) Chrome/48.0.2564.116 Safari/537.36"
::1 - - [30/Mar/2016:23:00:08 +0000] "GET /css/style.css HTTP/1.1" 304 - "http://localhost/blog/aa" "Mozilla/5.0 (Windows NT 6.1; WOW64) AppleWebKit/537.36 (KHTML, like Gecko) Chrome/48.0.2564.116 Safari/537.36"
::1 - - [30/Mar/2016:23:00:08 +0000] "GET /favicon.ico HTTP/1.1" 200 4286 "http://localhost/blog/aa" "Mozilla/5.0 (Windows NT 6.1; WOW64) AppleWebKit/537.36 (KHTML, like Gecko) Chrome/48.0.2564.116 Safari/537.36"
::1 - - [30/Mar/2016:23:00:08 +0000] "GET /blog/aa HTTP/1.1" 500 1401 "-" "Mozilla/5.0 (Windows NT 6.1; WOW64) AppleWebKit/537.36 (KHTML, like Gecko) Chrome/48.0.2564.116 Safari/537.36"
::1 - - [30/Mar/2016:23:00:08 +0000] "GET /css/style.css HTTP/1.1" 304 - "http://localhost/blog/aa" "Mozilla/5.0 (Windows NT 6.1; WOW64) AppleWebKit/537.36 (KHTML, like Gecko) Chrome/48.0.2564.116 Safari/537.36"
::1 - - [30/Mar/2016:23:00:08 +0000] "GET /favicon.ico HTTP/1.1" 200 4286 "http://localhost/blog/aa" "Mozilla/5.0 (Windows NT 6.1; WOW64) AppleWebKit/537.36 (KHTML, like Gecko) Chrome/48.0.2564.116 Safari/537.36"
::1 - - [30/Mar/2016:23:00:18 +0000] "GET /blog/aa HTTP/1.1" 200 2464 "-" "Mozilla/5.0 (Windows NT 6.1; WOW64) AppleWebKit/537.36 (KHTML, like Gecko) Chrome/48.0.2564.116 Safari/537.36"
::1 - - [30/Mar/2016:23:00:18 +0000] "GET /css/style.css HTTP/1.1" 304 - "http://localhost/blog/aa" "Mozilla/5.0 (Windows NT 6.1; WOW64) AppleWebKit/537.36 (KHTML, like Gecko) Chrome/48.0.2564.116 Safari/537.36"
::1 - - [30/Mar/2016:23:00:18 +0000] "GET /favicon.ico HTTP/1.1" 200 4286 "http://localhost/blog/aa" "Mozilla/5.0 (Windows NT 6.1; WOW64) AppleWebKit/537.36 (KHTML, like Gecko) Chrome/48.0.2564.116 Safari/537.36"
::1 - - [30/Mar/2016:23:00:37 +0000] "GET /blog/aa HTTP/1.1" 500 1292 "-" "Mozilla/5.0 (Windows NT 6.1; WOW64) AppleWebKit/537.36 (KHTML, like Gecko) Chrome/48.0.2564.116 Safari/537.36"
::1 - - [30/Mar/2016:23:00:37 +0000] "GET /css/style.css HTTP/1.1" 304 - "http://localhost/blog/aa" "Mozilla/5.0 (Windows NT 6.1; WOW64) AppleWebKit/537.36 (KHTML, like Gecko) Chrome/48.0.2564.116 Safari/537.36"
::1 - - [30/Mar/2016:23:00:37 +0000] "GET /favicon.ico HTTP/1.1" 200 4286 "http://localhost/blog/aa" "Mozilla/5.0 (Windows NT 6.1; WOW64) AppleWebKit/537.36 (KHTML, like Gecko) Chrome/48.0.2564.116 Safari/537.36"
::1 - - [30/Mar/2016:23:00:48 +0000] "GET /blog/aa HTTP/1.1" 200 189 "-" "Mozilla/5.0 (Windows NT 6.1; WOW64) AppleWebKit/537.36 (KHTML, like Gecko) Chrome/48.0.2564.116 Safari/537.36"
::1 - - [30/Mar/2016:23:00:48 +0000] "GET /css/style.css HTTP/1.1" 304 - "http://localhost/blog/aa" "Mozilla/5.0 (Windows NT 6.1; WOW64) AppleWebKit/537.36 (KHTML, like Gecko) Chrome/48.0.2564.116 Safari/537.36"
::1 - - [30/Mar/2016:23:00:48 +0000] "GET /favicon.ico HTTP/1.1" 200 4286 "http://localhost/blog/aa" "Mozilla/5.0 (Windows NT 6.1; WOW64) AppleWebKit/537.36 (KHTML, like Gecko) Chrome/48.0.2564.116 Safari/537.36"
::1 - - [30/Mar/2016:23:01:02 +0000] "GET /blog/aa HTTP/1.1" 200 198 "-" "Mozilla/5.0 (Windows NT 6.1; WOW64) AppleWebKit/537.36 (KHTML, like Gecko) Chrome/48.0.2564.116 Safari/537.36"
::1 - - [30/Mar/2016:23:01:02 +0000] "GET /css/style.css HTTP/1.1" 304 - "http://localhost/blog/aa" "Mozilla/5.0 (Windows NT 6.1; WOW64) AppleWebKit/537.36 (KHTML, like Gecko) Chrome/48.0.2564.116 Safari/537.36"
::1 - - [30/Mar/2016:23:01:02 +0000] "GET /favicon.ico HTTP/1.1" 200 4286 "http://localhost/blog/aa" "Mozilla/5.0 (Windows NT 6.1; WOW64) AppleWebKit/537.36 (KHTML, like Gecko) Chrome/48.0.2564.116 Safari/537.36"
::1 - - [30/Mar/2016:23:01:14 +0000] "GET /blog/aa HTTP/1.1" 200 199 "-" "Mozilla/5.0 (Windows NT 6.1; WOW64) AppleWebKit/537.36 (KHTML, like Gecko) Chrome/48.0.2564.116 Safari/537.36"
::1 - - [30/Mar/2016:23:01:14 +0000] "GET /css/style.css HTTP/1.1" 304 - "http://localhost/blog/aa" "Mozilla/5.0 (Windows NT 6.1; WOW64) AppleWebKit/537.36 (KHTML, like Gecko) Chrome/48.0.2564.116 Safari/537.36"
::1 - - [30/Mar/2016:23:01:14 +0000] "GET /favicon.ico HTTP/1.1" 200 4286 "http://localhost/blog/aa" "Mozilla/5.0 (Windows NT 6.1; WOW64) AppleWebKit/537.36 (KHTML, like Gecko) Chrome/48.0.2564.116 Safari/537.36"
::1 - - [30/Mar/2016:23:01:20 +0000] "GET /css/style.css HTTP/1.1" 304 - "http://localhost/blog/aa" "Mozilla/5.0 (Windows NT 6.1; WOW64) AppleWebKit/537.36 (KHTML, like Gecko) Chrome/48.0.2564.116 Safari/537.36"
::1 - - [30/Mar/2016:23:01:33 +0000] "GET /blog/aa HTTP/1.1" 200 199 "-" "Mozilla/5.0 (Windows NT 6.1; WOW64) AppleWebKit/537.36 (KHTML, like Gecko) Chrome/48.0.2564.116 Safari/537.36"
::1 - - [30/Mar/2016:23:01:33 +0000] "GET /css/style.css HTTP/1.1" 304 - "http://localhost/blog/aa" "Mozilla/5.0 (Windows NT 6.1; WOW64) AppleWebKit/537.36 (KHTML, like Gecko) Chrome/48.0.2564.116 Safari/537.36"
::1 - - [30/Mar/2016:23:01:43 +0000] "GET /blog/aa HTTP/1.1" 200 189 "-" "Mozilla/5.0 (Windows NT 6.1; WOW64) AppleWebKit/537.36 (KHTML, like Gecko) Chrome/48.0.2564.116 Safari/537.36"
::1 - - [30/Mar/2016:23:01:43 +0000] "GET /css/style.css HTTP/1.1" 304 - "http://localhost/blog/aa" "Mozilla/5.0 (Windows NT 6.1; WOW64) AppleWebKit/537.36 (KHTML, like Gecko) Chrome/48.0.2564.116 Safari/537.36"
::1 - - [30/Mar/2016:23:02:24 +0000] "GET /blog/aa HTTP/1.1" 500 1295 "-" "Mozilla/5.0 (Windows NT 6.1; WOW64) AppleWebKit/537.36 (KHTML, like Gecko) Chrome/48.0.2564.116 Safari/537.36"
::1 - - [30/Mar/2016:23:02:24 +0000] "GET /css/style.css HTTP/1.1" 304 - "http://localhost/blog/aa" "Mozilla/5.0 (Windows NT 6.1; WOW64) AppleWebKit/537.36 (KHTML, like Gecko) Chrome/48.0.2564.116 Safari/537.36"
::1 - - [30/Mar/2016:23:02:42 +0000] "GET /blog/aa HTTP/1.1" 500 1341 "-" "Mozilla/5.0 (Windows NT 6.1; WOW64) AppleWebKit/537.36 (KHTML, like Gecko) Chrome/48.0.2564.116 Safari/537.36"
::1 - - [30/Mar/2016:23:02:42 +0000] "GET /css/style.css HTTP/1.1" 304 - "http://localhost/blog/aa" "Mozilla/5.0 (Windows NT 6.1; WOW64) AppleWebKit/537.36 (KHTML, like Gecko) Chrome/48.0.2564.116 Safari/537.36"
::1 - - [30/Mar/2016:23:02:49 +0000] "GET /blog/aa HTTP/1.1" 200 232 "-" "Mozilla/5.0 (Windows NT 6.1; WOW64) AppleWebKit/537.36 (KHTML, like Gecko) Chrome/48.0.2564.116 Safari/537.36"
::1 - - [30/Mar/2016:23:02:49 +0000] "GET /css/style.css HTTP/1.1" 304 - "http://localhost/blog/aa" "Mozilla/5.0 (Windows NT 6.1; WOW64) AppleWebKit/537.36 (KHTML, like Gecko) Chrome/48.0.2564.116 Safari/537.36"
::1 - - [30/Mar/2016:23:03:06 +0000] "GET /blog/aa HTTP/1.1" 200 195 "-" "Mozilla/5.0 (Windows NT 6.1; WOW64) AppleWebKit/537.36 (KHTML, like Gecko) Chrome/48.0.2564.116 Safari/537.36"
::1 - - [30/Mar/2016:23:03:06 +0000] "GET /css/style.css HTTP/1.1" 304 - "http://localhost/blog/aa" "Mozilla/5.0 (Windows NT 6.1; WOW64) AppleWebKit/537.36 (KHTML, like Gecko) Chrome/48.0.2564.116 Safari/537.36"
::1 - - [30/Mar/2016:23:03:13 +0000] "GET /blog/aa HTTP/1.1" 304 - "-" "Mozilla/5.0 (Windows NT 6.1; WOW64) AppleWebKit/537.36 (KHTML, like Gecko) Chrome/48.0.2564.116 Safari/537.36"
::1 - - [30/Mar/2016:23:03:13 +0000] "GET /css/style.css HTTP/1.1" 304 - "http://localhost/blog/aa" "Mozilla/5.0 (Windows NT 6.1; WOW64) AppleWebKit/537.36 (KHTML, like Gecko) Chrome/48.0.2564.116 Safari/537.36"
::1 - - [30/Mar/2016:23:03:16 +0000] "GET /blog HTTP/1.1" 303 43 "-" "Mozilla/5.0 (Windows NT 6.1; WOW64) AppleWebKit/537.36 (KHTML, like Gecko) Chrome/48.0.2564.116 Safari/537.36"
::1 - - [30/Mar/2016:23:03:16 +0000] "GET /blog/ HTTP/1.1" 304 - "-" "Mozilla/5.0 (Windows NT 6.1; WOW64) AppleWebKit/537.36 (KHTML, like Gecko) Chrome/48.0.2564.116 Safari/537.36"
::1 - - [30/Mar/2016:23:03:16 +0000] "GET /css/common.css HTTP/1.1" 304 - "http://localhost/blog/" "Mozilla/5.0 (Windows NT 6.1; WOW64) AppleWebKit/537.36 (KHTML, like Gecko) Chrome/48.0.2564.116 Safari/537.36"
::1 - - [30/Mar/2016:23:03:16 +0000] "GET /css/blog.css HTTP/1.1" 304 - "http://localhost/blog/" "Mozilla/5.0 (Windows NT 6.1; WOW64) AppleWebKit/537.36 (KHTML, like Gecko) Chrome/48.0.2564.116 Safari/537.36"
::1 - - [30/Mar/2016:23:03:16 +0000] "GET /js/sea.js HTTP/1.1" 304 - "http://localhost/blog/" "Mozilla/5.0 (Windows NT 6.1; WOW64) AppleWebKit/537.36 (KHTML, like Gecko) Chrome/48.0.2564.116 Safari/537.36"
::1 - - [30/Mar/2016:23:03:16 +0000] "GET /images/logo.png HTTP/1.1" 304 - "http://localhost/blog/" "Mozilla/5.0 (Windows NT 6.1; WOW64) AppleWebKit/537.36 (KHTML, like Gecko) Chrome/48.0.2564.116 Safari/537.36"
::1 - - [30/Mar/2016:23:03:16 +0000] "GET /images/a1.jpg HTTP/1.1" 304 - "http://localhost/blog/" "Mozilla/5.0 (Windows NT 6.1; WOW64) AppleWebKit/537.36 (KHTML, like Gecko) Chrome/48.0.2564.116 Safari/537.36"
::1 - - [30/Mar/2016:23:03:16 +0000] "GET /images/01.jpg HTTP/1.1" 304 - "http://localhost/blog/" "Mozilla/5.0 (Windows NT 6.1; WOW64) AppleWebKit/537.36 (KHTML, like Gecko) Chrome/48.0.2564.116 Safari/537.36"
::1 - - [30/Mar/2016:23:03:16 +0000] "GET /images/a2.jpg HTTP/1.1" 304 - "http://localhost/blog/" "Mozilla/5.0 (Windows NT 6.1; WOW64) AppleWebKit/537.36 (KHTML, like Gecko) Chrome/48.0.2564.116 Safari/537.36"
::1 - - [30/Mar/2016:23:03:16 +0000] "GET /images/a3.jpg HTTP/1.1" 304 - "http://localhost/blog/" "Mozilla/5.0 (Windows NT 6.1; WOW64) AppleWebKit/537.36 (KHTML, like Gecko) Chrome/48.0.2564.116 Safari/537.36"
::1 - - [30/Mar/2016:23:03:16 +0000] "GET /images/a4.jpg HTTP/1.1" 304 - "http://localhost/blog/" "Mozilla/5.0 (Windows NT 6.1; WOW64) AppleWebKit/537.36 (KHTML, like Gecko) Chrome/48.0.2564.116 Safari/537.36"
::1 - - [30/Mar/2016:23:03:16 +0000] "GET /js/modules/index.js HTTP/1.1" 304 - "http://localhost/blog/" "Mozilla/5.0 (Windows NT 6.1; WOW64) AppleWebKit/537.36 (KHTML, like Gecko) Chrome/48.0.2564.116 Safari/537.36"
::1 - - [30/Mar/2016:23:03:16 +0000] "GET /js/modules/sea-jquery.js HTTP/1.1" 304 - "http://localhost/blog/" "Mozilla/5.0 (Windows NT 6.1; WOW64) AppleWebKit/537.36 (KHTML, like Gecko) Chrome/48.0.2564.116 Safari/537.36"
::1 - - [30/Mar/2016:23:03:16 +0000] "GET /js/modules/sea-jquery-datatable.js HTTP/1.1" 304 - "http://localhost/blog/" "Mozilla/5.0 (Windows NT 6.1; WOW64) AppleWebKit/537.36 (KHTML, like Gecko) Chrome/48.0.2564.116 Safari/537.36"
::1 - - [30/Mar/2016:23:03:16 +0000] "GET /js/modules/sea-jquery-easing.js HTTP/1.1" 304 - "http://localhost/blog/" "Mozilla/5.0 (Windows NT 6.1; WOW64) AppleWebKit/537.36 (KHTML, like Gecko) Chrome/48.0.2564.116 Safari/537.36"
::1 - - [30/Mar/2016:23:05:16 +0000] "GET /blog/ HTTP/1.1" 304 - "-" "Mozilla/5.0 (Windows NT 6.1; WOW64) AppleWebKit/537.36 (KHTML, like Gecko) Chrome/48.0.2564.116 Safari/537.36"
::1 - - [30/Mar/2016:23:05:16 +0000] "GET /css/common.css HTTP/1.1" 304 - "http://localhost/blog/" "Mozilla/5.0 (Windows NT 6.1; WOW64) AppleWebKit/537.36 (KHTML, like Gecko) Chrome/48.0.2564.116 Safari/537.36"
::1 - - [30/Mar/2016:23:05:16 +0000] "GET /css/blog.css HTTP/1.1" 304 - "http://localhost/blog/" "Mozilla/5.0 (Windows NT 6.1; WOW64) AppleWebKit/537.36 (KHTML, like Gecko) Chrome/48.0.2564.116 Safari/537.36"
::1 - - [30/Mar/2016:23:05:16 +0000] "GET /js/sea.js HTTP/1.1" 304 - "http://localhost/blog/" "Mozilla/5.0 (Windows NT 6.1; WOW64) AppleWebKit/537.36 (KHTML, like Gecko) Chrome/48.0.2564.116 Safari/537.36"
::1 - - [30/Mar/2016:23:05:16 +0000] "GET /images/logo.png HTTP/1.1" 304 - "http://localhost/blog/" "Mozilla/5.0 (Windows NT 6.1; WOW64) AppleWebKit/537.36 (KHTML, like Gecko) Chrome/48.0.2564.116 Safari/537.36"
::1 - - [30/Mar/2016:23:05:16 +0000] "GET /images/a1.jpg HTTP/1.1" 304 - "http://localhost/blog/" "Mozilla/5.0 (Windows NT 6.1; WOW64) AppleWebKit/537.36 (KHTML, like Gecko) Chrome/48.0.2564.116 Safari/537.36"
::1 - - [30/Mar/2016:23:05:16 +0000] "GET /images/01.jpg HTTP/1.1" 304 - "http://localhost/blog/" "Mozilla/5.0 (Windows NT 6.1; WOW64) AppleWebKit/537.36 (KHTML, like Gecko) Chrome/48.0.2564.116 Safari/537.36"
::1 - - [30/Mar/2016:23:05:16 +0000] "GET /images/a2.jpg HTTP/1.1" 304 - "http://localhost/blog/" "Mozilla/5.0 (Windows NT 6.1; WOW64) AppleWebKit/537.36 (KHTML, like Gecko) Chrome/48.0.2564.116 Safari/537.36"
::1 - - [30/Mar/2016:23:05:16 +0000] "GET /images/a3.jpg HTTP/1.1" 304 - "http://localhost/blog/" "Mozilla/5.0 (Windows NT 6.1; WOW64) AppleWebKit/537.36 (KHTML, like Gecko) Chrome/48.0.2564.116 Safari/537.36"
::1 - - [30/Mar/2016:23:05:16 +0000] "GET /images/a4.jpg HTTP/1.1" 304 - "http://localhost/blog/" "Mozilla/5.0 (Windows NT 6.1; WOW64) AppleWebKit/537.36 (KHTML, like Gecko) Chrome/48.0.2564.116 Safari/537.36"
::1 - - [30/Mar/2016:23:05:16 +0000] "GET /js/modules/index.js HTTP/1.1" 304 - "http://localhost/blog/" "Mozilla/5.0 (Windows NT 6.1; WOW64) AppleWebKit/537.36 (KHTML, like Gecko) Chrome/48.0.2564.116 Safari/537.36"
::1 - - [30/Mar/2016:23:05:16 +0000] "GET /js/modules/sea-jquery.js HTTP/1.1" 304 - "http://localhost/blog/" "Mozilla/5.0 (Windows NT 6.1; WOW64) AppleWebKit/537.36 (KHTML, like Gecko) Chrome/48.0.2564.116 Safari/537.36"
::1 - - [30/Mar/2016:23:05:16 +0000] "GET /js/modules/sea-jquery-datatable.js HTTP/1.1" 304 - "http://localhost/blog/" "Mozilla/5.0 (Windows NT 6.1; WOW64) AppleWebKit/537.36 (KHTML, like Gecko) Chrome/48.0.2564.116 Safari/537.36"
::1 - - [30/Mar/2016:23:05:16 +0000] "GET /js/modules/sea-jquery-easing.js HTTP/1.1" 304 - "http://localhost/blog/" "Mozilla/5.0 (Windows NT 6.1; WOW64) AppleWebKit/537.36 (KHTML, like Gecko) Chrome/48.0.2564.116 Safari/537.36"
::1 - - [30/Mar/2016:23:05:16 +0000] "GET /favicon.ico HTTP/1.1" 200 4286 "http://localhost/blog/" "Mozilla/5.0 (Windows NT 6.1; WOW64) AppleWebKit/537.36 (KHTML, like Gecko) Chrome/48.0.2564.116 Safari/537.36"
::1 - - [30/Mar/2016:23:05:18 +0000] "GET /css/common.css HTTP/1.1" 304 - "http://localhost/blog/" "Mozilla/5.0 (Windows NT 6.1; WOW64) AppleWebKit/537.36 (KHTML, like Gecko) Chrome/48.0.2564.116 Safari/537.36"
::1 - - [30/Mar/2016:23:05:18 +0000] "GET /css/blog.css HTTP/1.1" 304 - "http://localhost/blog/" "Mozilla/5.0 (Windows NT 6.1; WOW64) AppleWebKit/537.36 (KHTML, like Gecko) Chrome/48.0.2564.116 Safari/537.36"
::1 - - [30/Mar/2016:23:05:52 +0000] "GET /blog/ HTTP/1.1" 304 - "-" "Mozilla/5.0 (Windows NT 6.1; WOW64) AppleWebKit/537.36 (KHTML, like Gecko) Chrome/48.0.2564.116 Safari/537.36"
::1 - - [30/Mar/2016:23:05:52 +0000] "GET /css/common.css HTTP/1.1" 304 - "http://localhost/blog/" "Mozilla/5.0 (Windows NT 6.1; WOW64) AppleWebKit/537.36 (KHTML, like Gecko) Chrome/48.0.2564.116 Safari/537.36"
::1 - - [30/Mar/2016:23:05:52 +0000] "GET /css/blog.css HTTP/1.1" 304 - "http://localhost/blog/" "Mozilla/5.0 (Windows NT 6.1; WOW64) AppleWebKit/537.36 (KHTML, like Gecko) Chrome/48.0.2564.116 Safari/537.36"
::1 - - [30/Mar/2016:23:05:52 +0000] "GET /js/sea.js HTTP/1.1" 304 - "http://localhost/blog/" "Mozilla/5.0 (Windows NT 6.1; WOW64) AppleWebKit/537.36 (KHTML, like Gecko) Chrome/48.0.2564.116 Safari/537.36"
::1 - - [30/Mar/2016:23:05:52 +0000] "GET /images/logo.png HTTP/1.1" 304 - "http://localhost/blog/" "Mozilla/5.0 (Windows NT 6.1; WOW64) AppleWebKit/537.36 (KHTML, like Gecko) Chrome/48.0.2564.116 Safari/537.36"
::1 - - [30/Mar/2016:23:05:52 +0000] "GET /images/a1.jpg HTTP/1.1" 304 - "http://localhost/blog/" "Mozilla/5.0 (Windows NT 6.1; WOW64) AppleWebKit/537.36 (KHTML, like Gecko) Chrome/48.0.2564.116 Safari/537.36"
::1 - - [30/Mar/2016:23:05:52 +0000] "GET /images/a2.jpg HTTP/1.1" 304 - "http://localhost/blog/" "Mozilla/5.0 (Windows NT 6.1; WOW64) AppleWebKit/537.36 (KHTML, like Gecko) Chrome/48.0.2564.116 Safari/537.36"
::1 - - [30/Mar/2016:23:05:52 +0000] "GET /images/a3.jpg HTTP/1.1" 304 - "http://localhost/blog/" "Mozilla/5.0 (Windows NT 6.1; WOW64) AppleWebKit/537.36 (KHTML, like Gecko) Chrome/48.0.2564.116 Safari/537.36"
::1 - - [30/Mar/2016:23:05:52 +0000] "GET /images/a4.jpg HTTP/1.1" 304 - "http://localhost/blog/" "Mozilla/5.0 (Windows NT 6.1; WOW64) AppleWebKit/537.36 (KHTML, like Gecko) Chrome/48.0.2564.116 Safari/537.36"
::1 - - [30/Mar/2016:23:05:52 +0000] "GET /images/01.jpg HTTP/1.1" 304 - "http://localhost/blog/" "Mozilla/5.0 (Windows NT 6.1; WOW64) AppleWebKit/537.36 (KHTML, like Gecko) Chrome/48.0.2564.116 Safari/537.36"
::1 - - [30/Mar/2016:23:05:52 +0000] "GET /js/modules/index.js HTTP/1.1" 304 - "http://localhost/blog/" "Mozilla/5.0 (Windows NT 6.1; WOW64) AppleWebKit/537.36 (KHTML, like Gecko) Chrome/48.0.2564.116 Safari/537.36"
::1 - - [30/Mar/2016:23:05:52 +0000] "GET /js/modules/sea-jquery.js HTTP/1.1" 304 - "http://localhost/blog/" "Mozilla/5.0 (Windows NT 6.1; WOW64) AppleWebKit/537.36 (KHTML, like Gecko) Chrome/48.0.2564.116 Safari/537.36"
::1 - - [30/Mar/2016:23:05:52 +0000] "GET /js/modules/sea-jquery-datatable.js HTTP/1.1" 304 - "http://localhost/blog/" "Mozilla/5.0 (Windows NT 6.1; WOW64) AppleWebKit/537.36 (KHTML, like Gecko) Chrome/48.0.2564.116 Safari/537.36"
::1 - - [30/Mar/2016:23:05:52 +0000] "GET /js/modules/sea-jquery-easing.js HTTP/1.1" 304 - "http://localhost/blog/" "Mozilla/5.0 (Windows NT 6.1; WOW64) AppleWebKit/537.36 (KHTML, like Gecko) Chrome/48.0.2564.116 Safari/537.36"
::1 - - [30/Mar/2016:23:05:52 +0000] "GET /favicon.ico HTTP/1.1" 200 4286 "http://localhost/blog/" "Mozilla/5.0 (Windows NT 6.1; WOW64) AppleWebKit/537.36 (KHTML, like Gecko) Chrome/48.0.2564.116 Safari/537.36"
::1 - - [30/Mar/2016:23:05:53 +0000] "GET /blog/ HTTP/1.1" 304 - "-" "Mozilla/5.0 (Windows NT 6.1; WOW64) AppleWebKit/537.36 (KHTML, like Gecko) Chrome/48.0.2564.116 Safari/537.36"
::1 - - [30/Mar/2016:23:05:53 +0000] "GET /css/common.css HTTP/1.1" 304 - "http://localhost/blog/" "Mozilla/5.0 (Windows NT 6.1; WOW64) AppleWebKit/537.36 (KHTML, like Gecko) Chrome/48.0.2564.116 Safari/537.36"
::1 - - [30/Mar/2016:23:05:53 +0000] "GET /css/blog.css HTTP/1.1" 304 - "http://localhost/blog/" "Mozilla/5.0 (Windows NT 6.1; WOW64) AppleWebKit/537.36 (KHTML, like Gecko) Chrome/48.0.2564.116 Safari/537.36"
::1 - - [30/Mar/2016:23:05:53 +0000] "GET /js/sea.js HTTP/1.1" 304 - "http://localhost/blog/" "Mozilla/5.0 (Windows NT 6.1; WOW64) AppleWebKit/537.36 (KHTML, like Gecko) Chrome/48.0.2564.116 Safari/537.36"
::1 - - [30/Mar/2016:23:05:53 +0000] "GET /images/logo.png HTTP/1.1" 304 - "http://localhost/blog/" "Mozilla/5.0 (Windows NT 6.1; WOW64) AppleWebKit/537.36 (KHTML, like Gecko) Chrome/48.0.2564.116 Safari/537.36"
::1 - - [30/Mar/2016:23:05:53 +0000] "GET /images/a1.jpg HTTP/1.1" 304 - "http://localhost/blog/" "Mozilla/5.0 (Windows NT 6.1; WOW64) AppleWebKit/537.36 (KHTML, like Gecko) Chrome/48.0.2564.116 Safari/537.36"
::1 - - [30/Mar/2016:23:05:53 +0000] "GET /images/a2.jpg HTTP/1.1" 304 - "http://localhost/blog/" "Mozilla/5.0 (Windows NT 6.1; WOW64) AppleWebKit/537.36 (KHTML, like Gecko) Chrome/48.0.2564.116 Safari/537.36"
::1 - - [30/Mar/2016:23:05:53 +0000] "GET /images/a3.jpg HTTP/1.1" 304 - "http://localhost/blog/" "Mozilla/5.0 (Windows NT 6.1; WOW64) AppleWebKit/537.36 (KHTML, like Gecko) Chrome/48.0.2564.116 Safari/537.36"
::1 - - [30/Mar/2016:23:05:53 +0000] "GET /images/a4.jpg HTTP/1.1" 304 - "http://localhost/blog/" "Mozilla/5.0 (Windows NT 6.1; WOW64) AppleWebKit/537.36 (KHTML, like Gecko) Chrome/48.0.2564.116 Safari/537.36"
::1 - - [30/Mar/2016:23:05:53 +0000] "GET /images/01.jpg HTTP/1.1" 304 - "http://localhost/blog/" "Mozilla/5.0 (Windows NT 6.1; WOW64) AppleWebKit/537.36 (KHTML, like Gecko) Chrome/48.0.2564.116 Safari/537.36"
::1 - - [30/Mar/2016:23:05:53 +0000] "GET /js/modules/index.js HTTP/1.1" 304 - "http://localhost/blog/" "Mozilla/5.0 (Windows NT 6.1; WOW64) AppleWebKit/537.36 (KHTML, like Gecko) Chrome/48.0.2564.116 Safari/537.36"
::1 - - [30/Mar/2016:23:05:53 +0000] "GET /js/modules/sea-jquery.js HTTP/1.1" 304 - "http://localhost/blog/" "Mozilla/5.0 (Windows NT 6.1; WOW64) AppleWebKit/537.36 (KHTML, like Gecko) Chrome/48.0.2564.116 Safari/537.36"
::1 - - [30/Mar/2016:23:05:53 +0000] "GET /js/modules/sea-jquery-datatable.js HTTP/1.1" 304 - "http://localhost/blog/" "Mozilla/5.0 (Windows NT 6.1; WOW64) AppleWebKit/537.36 (KHTML, like Gecko) Chrome/48.0.2564.116 Safari/537.36"
::1 - - [30/Mar/2016:23:05:53 +0000] "GET /js/modules/sea-jquery-easing.js HTTP/1.1" 304 - "http://localhost/blog/" "Mozilla/5.0 (Windows NT 6.1; WOW64) AppleWebKit/537.36 (KHTML, like Gecko) Chrome/48.0.2564.116 Safari/537.36"
::1 - - [30/Mar/2016:23:05:53 +0000] "GET /blog/ HTTP/1.1" 304 - "-" "Mozilla/5.0 (Windows NT 6.1; WOW64) AppleWebKit/537.36 (KHTML, like Gecko) Chrome/48.0.2564.116 Safari/537.36"
::1 - - [30/Mar/2016:23:05:53 +0000] "GET /css/common.css HTTP/1.1" 304 - "http://localhost/blog/" "Mozilla/5.0 (Windows NT 6.1; WOW64) AppleWebKit/537.36 (KHTML, like Gecko) Chrome/48.0.2564.116 Safari/537.36"
::1 - - [30/Mar/2016:23:05:53 +0000] "GET /css/blog.css HTTP/1.1" 304 - "http://localhost/blog/" "Mozilla/5.0 (Windows NT 6.1; WOW64) AppleWebKit/537.36 (KHTML, like Gecko) Chrome/48.0.2564.116 Safari/537.36"
::1 - - [30/Mar/2016:23:05:53 +0000] "GET /js/sea.js HTTP/1.1" 304 - "http://localhost/blog/" "Mozilla/5.0 (Windows NT 6.1; WOW64) AppleWebKit/537.36 (KHTML, like Gecko) Chrome/48.0.2564.116 Safari/537.36"
::1 - - [30/Mar/2016:23:05:53 +0000] "GET /images/logo.png HTTP/1.1" 304 - "http://localhost/blog/" "Mozilla/5.0 (Windows NT 6.1; WOW64) AppleWebKit/537.36 (KHTML, like Gecko) Chrome/48.0.2564.116 Safari/537.36"
::1 - - [30/Mar/2016:23:05:53 +0000] "GET /images/a1.jpg HTTP/1.1" 304 - "http://localhost/blog/" "Mozilla/5.0 (Windows NT 6.1; WOW64) AppleWebKit/537.36 (KHTML, like Gecko) Chrome/48.0.2564.116 Safari/537.36"
::1 - - [30/Mar/2016:23:05:53 +0000] "GET /images/01.jpg HTTP/1.1" 304 - "http://localhost/blog/" "Mozilla/5.0 (Windows NT 6.1; WOW64) AppleWebKit/537.36 (KHTML, like Gecko) Chrome/48.0.2564.116 Safari/537.36"
::1 - - [30/Mar/2016:23:05:53 +0000] "GET /images/a2.jpg HTTP/1.1" 304 - "http://localhost/blog/" "Mozilla/5.0 (Windows NT 6.1; WOW64) AppleWebKit/537.36 (KHTML, like Gecko) Chrome/48.0.2564.116 Safari/537.36"
::1 - - [30/Mar/2016:23:05:53 +0000] "GET /images/a3.jpg HTTP/1.1" 304 - "http://localhost/blog/" "Mozilla/5.0 (Windows NT 6.1; WOW64) AppleWebKit/537.36 (KHTML, like Gecko) Chrome/48.0.2564.116 Safari/537.36"
::1 - - [30/Mar/2016:23:05:53 +0000] "GET /images/a4.jpg HTTP/1.1" 304 - "http://localhost/blog/" "Mozilla/5.0 (Windows NT 6.1; WOW64) AppleWebKit/537.36 (KHTML, like Gecko) Chrome/48.0.2564.116 Safari/537.36"
::1 - - [30/Mar/2016:23:05:53 +0000] "GET /js/modules/index.js HTTP/1.1" 304 - "http://localhost/blog/" "Mozilla/5.0 (Windows NT 6.1; WOW64) AppleWebKit/537.36 (KHTML, like Gecko) Chrome/48.0.2564.116 Safari/537.36"
::1 - - [30/Mar/2016:23:05:53 +0000] "GET /js/modules/sea-jquery.js HTTP/1.1" 304 - "http://localhost/blog/" "Mozilla/5.0 (Windows NT 6.1; WOW64) AppleWebKit/537.36 (KHTML, like Gecko) Chrome/48.0.2564.116 Safari/537.36"
::1 - - [30/Mar/2016:23:05:53 +0000] "GET /js/modules/sea-jquery-datatable.js HTTP/1.1" 304 - "http://localhost/blog/" "Mozilla/5.0 (Windows NT 6.1; WOW64) AppleWebKit/537.36 (KHTML, like Gecko) Chrome/48.0.2564.116 Safari/537.36"
::1 - - [30/Mar/2016:23:05:53 +0000] "GET /js/modules/sea-jquery-easing.js HTTP/1.1" 304 - "http://localhost/blog/" "Mozilla/5.0 (Windows NT 6.1; WOW64) AppleWebKit/537.36 (KHTML, like Gecko) Chrome/48.0.2564.116 Safari/537.36"
::1 - - [30/Mar/2016:23:05:54 +0000] "GET /favicon.ico HTTP/1.1" 200 4286 "http://localhost/blog/" "Mozilla/5.0 (Windows NT 6.1; WOW64) AppleWebKit/537.36 (KHTML, like Gecko) Chrome/48.0.2564.116 Safari/537.36"
::1 - - [30/Mar/2016:23:05:57 +0000] "GET / HTTP/1.1" 304 - "-" "Mozilla/5.0 (Windows NT 6.1; WOW64) AppleWebKit/537.36 (KHTML, like Gecko) Chrome/48.0.2564.116 Safari/537.36"
::1 - - [30/Mar/2016:23:06:09 +0000] "GET /blog HTTP/1.1" 303 43 "-" "Mozilla/5.0 (Windows NT 6.1; WOW64) AppleWebKit/537.36 (KHTML, like Gecko) Chrome/48.0.2564.116 Safari/537.36"
::1 - - [30/Mar/2016:23:06:09 +0000] "GET /blog/ HTTP/1.1" 304 - "-" "Mozilla/5.0 (Windows NT 6.1; WOW64) AppleWebKit/537.36 (KHTML, like Gecko) Chrome/48.0.2564.116 Safari/537.36"
::1 - - [30/Mar/2016:23:06:09 +0000] "GET /css/common.css HTTP/1.1" 304 - "http://localhost/blog/" "Mozilla/5.0 (Windows NT 6.1; WOW64) AppleWebKit/537.36 (KHTML, like Gecko) Chrome/48.0.2564.116 Safari/537.36"
::1 - - [30/Mar/2016:23:06:09 +0000] "GET /css/blog.css HTTP/1.1" 304 - "http://localhost/blog/" "Mozilla/5.0 (Windows NT 6.1; WOW64) AppleWebKit/537.36 (KHTML, like Gecko) Chrome/48.0.2564.116 Safari/537.36"
::1 - - [30/Mar/2016:23:06:09 +0000] "GET /js/sea.js HTTP/1.1" 304 - "http://localhost/blog/" "Mozilla/5.0 (Windows NT 6.1; WOW64) AppleWebKit/537.36 (KHTML, like Gecko) Chrome/48.0.2564.116 Safari/537.36"
::1 - - [30/Mar/2016:23:06:09 +0000] "GET /images/logo.png HTTP/1.1" 304 - "http://localhost/blog/" "Mozilla/5.0 (Windows NT 6.1; WOW64) AppleWebKit/537.36 (KHTML, like Gecko) Chrome/48.0.2564.116 Safari/537.36"
::1 - - [30/Mar/2016:23:06:09 +0000] "GET /images/a1.jpg HTTP/1.1" 304 - "http://localhost/blog/" "Mozilla/5.0 (Windows NT 6.1; WOW64) AppleWebKit/537.36 (KHTML, like Gecko) Chrome/48.0.2564.116 Safari/537.36"
::1 - - [30/Mar/2016:23:06:09 +0000] "GET /images/01.jpg HTTP/1.1" 304 - "http://localhost/blog/" "Mozilla/5.0 (Windows NT 6.1; WOW64) AppleWebKit/537.36 (KHTML, like Gecko) Chrome/48.0.2564.116 Safari/537.36"
::1 - - [30/Mar/2016:23:06:09 +0000] "GET /images/a2.jpg HTTP/1.1" 304 - "http://localhost/blog/" "Mozilla/5.0 (Windows NT 6.1; WOW64) AppleWebKit/537.36 (KHTML, like Gecko) Chrome/48.0.2564.116 Safari/537.36"
::1 - - [30/Mar/2016:23:06:09 +0000] "GET /images/a3.jpg HTTP/1.1" 304 - "http://localhost/blog/" "Mozilla/5.0 (Windows NT 6.1; WOW64) AppleWebKit/537.36 (KHTML, like Gecko) Chrome/48.0.2564.116 Safari/537.36"
::1 - - [30/Mar/2016:23:06:09 +0000] "GET /images/a4.jpg HTTP/1.1" 304 - "http://localhost/blog/" "Mozilla/5.0 (Windows NT 6.1; WOW64) AppleWebKit/537.36 (KHTML, like Gecko) Chrome/48.0.2564.116 Safari/537.36"
::1 - - [30/Mar/2016:23:06:09 +0000] "GET /js/modules/index.js HTTP/1.1" 304 - "http://localhost/blog/" "Mozilla/5.0 (Windows NT 6.1; WOW64) AppleWebKit/537.36 (KHTML, like Gecko) Chrome/48.0.2564.116 Safari/537.36"
::1 - - [30/Mar/2016:23:06:09 +0000] "GET /js/modules/sea-jquery.js HTTP/1.1" 304 - "http://localhost/blog/" "Mozilla/5.0 (Windows NT 6.1; WOW64) AppleWebKit/537.36 (KHTML, like Gecko) Chrome/48.0.2564.116 Safari/537.36"
::1 - - [30/Mar/2016:23:06:09 +0000] "GET /js/modules/sea-jquery-datatable.js HTTP/1.1" 304 - "http://localhost/blog/" "Mozilla/5.0 (Windows NT 6.1; WOW64) AppleWebKit/537.36 (KHTML, like Gecko) Chrome/48.0.2564.116 Safari/537.36"
::1 - - [30/Mar/2016:23:06:09 +0000] "GET /js/modules/sea-jquery-easing.js HTTP/1.1" 304 - "http://localhost/blog/" "Mozilla/5.0 (Windows NT 6.1; WOW64) AppleWebKit/537.36 (KHTML, like Gecko) Chrome/48.0.2564.116 Safari/537.36"
::1 - - [30/Mar/2016:23:06:13 +0000] "GET /blog/ HTTP/1.1" 304 - "-" "Mozilla/5.0 (Windows NT 6.1; WOW64) AppleWebKit/537.36 (KHTML, like Gecko) Chrome/48.0.2564.116 Safari/537.36"
::1 - - [30/Mar/2016:23:06:13 +0000] "GET /css/common.css HTTP/1.1" 304 - "http://localhost/blog/" "Mozilla/5.0 (Windows NT 6.1; WOW64) AppleWebKit/537.36 (KHTML, like Gecko) Chrome/48.0.2564.116 Safari/537.36"
::1 - - [30/Mar/2016:23:06:13 +0000] "GET /css/blog.css HTTP/1.1" 304 - "http://localhost/blog/" "Mozilla/5.0 (Windows NT 6.1; WOW64) AppleWebKit/537.36 (KHTML, like Gecko) Chrome/48.0.2564.116 Safari/537.36"
::1 - - [30/Mar/2016:23:06:13 +0000] "GET /js/sea.js HTTP/1.1" 304 - "http://localhost/blog/" "Mozilla/5.0 (Windows NT 6.1; WOW64) AppleWebKit/537.36 (KHTML, like Gecko) Chrome/48.0.2564.116 Safari/537.36"
::1 - - [30/Mar/2016:23:06:13 +0000] "GET /images/logo.png HTTP/1.1" 304 - "http://localhost/blog/" "Mozilla/5.0 (Windows NT 6.1; WOW64) AppleWebKit/537.36 (KHTML, like Gecko) Chrome/48.0.2564.116 Safari/537.36"
::1 - - [30/Mar/2016:23:06:13 +0000] "GET /images/a1.jpg HTTP/1.1" 304 - "http://localhost/blog/" "Mozilla/5.0 (Windows NT 6.1; WOW64) AppleWebKit/537.36 (KHTML, like Gecko) Chrome/48.0.2564.116 Safari/537.36"
::1 - - [30/Mar/2016:23:06:13 +0000] "GET /images/01.jpg HTTP/1.1" 304 - "http://localhost/blog/" "Mozilla/5.0 (Windows NT 6.1; WOW64) AppleWebKit/537.36 (KHTML, like Gecko) Chrome/48.0.2564.116 Safari/537.36"
::1 - - [30/Mar/2016:23:06:13 +0000] "GET /images/a2.jpg HTTP/1.1" 304 - "http://localhost/blog/" "Mozilla/5.0 (Windows NT 6.1; WOW64) AppleWebKit/537.36 (KHTML, like Gecko) Chrome/48.0.2564.116 Safari/537.36"
::1 - - [30/Mar/2016:23:06:13 +0000] "GET /images/a3.jpg HTTP/1.1" 304 - "http://localhost/blog/" "Mozilla/5.0 (Windows NT 6.1; WOW64) AppleWebKit/537.36 (KHTML, like Gecko) Chrome/48.0.2564.116 Safari/537.36"
::1 - - [30/Mar/2016:23:06:13 +0000] "GET /images/a4.jpg HTTP/1.1" 304 - "http://localhost/blog/" "Mozilla/5.0 (Windows NT 6.1; WOW64) AppleWebKit/537.36 (KHTML, like Gecko) Chrome/48.0.2564.116 Safari/537.36"
::1 - - [30/Mar/2016:23:06:13 +0000] "GET /js/modules/index.js HTTP/1.1" 304 - "http://localhost/blog/" "Mozilla/5.0 (Windows NT 6.1; WOW64) AppleWebKit/537.36 (KHTML, like Gecko) Chrome/48.0.2564.116 Safari/537.36"
::1 - - [30/Mar/2016:23:06:13 +0000] "GET /js/modules/sea-jquery.js HTTP/1.1" 304 - "http://localhost/blog/" "Mozilla/5.0 (Windows NT 6.1; WOW64) AppleWebKit/537.36 (KHTML, like Gecko) Chrome/48.0.2564.116 Safari/537.36"
::1 - - [30/Mar/2016:23:06:13 +0000] "GET /js/modules/sea-jquery-datatable.js HTTP/1.1" 304 - "http://localhost/blog/" "Mozilla/5.0 (Windows NT 6.1; WOW64) AppleWebKit/537.36 (KHTML, like Gecko) Chrome/48.0.2564.116 Safari/537.36"
::1 - - [30/Mar/2016:23:06:13 +0000] "GET /js/modules/sea-jquery-easing.js HTTP/1.1" 304 - "http://localhost/blog/" "Mozilla/5.0 (Windows NT 6.1; WOW64) AppleWebKit/537.36 (KHTML, like Gecko) Chrome/48.0.2564.116 Safari/537.36"
::1 - - [30/Mar/2016:23:06:14 +0000] "GET /favicon.ico HTTP/1.1" 200 4286 "http://localhost/blog/" "Mozilla/5.0 (Windows NT 6.1; WOW64) AppleWebKit/537.36 (KHTML, like Gecko) Chrome/48.0.2564.116 Safari/537.36"
::1 - - [30/Mar/2016:23:06:14 +0000] "GET /blog/ HTTP/1.1" 304 - "-" "Mozilla/5.0 (Windows NT 6.1; WOW64) AppleWebKit/537.36 (KHTML, like Gecko) Chrome/48.0.2564.116 Safari/537.36"
::1 - - [30/Mar/2016:23:06:14 +0000] "GET /css/common.css HTTP/1.1" 304 - "http://localhost/blog/" "Mozilla/5.0 (Windows NT 6.1; WOW64) AppleWebKit/537.36 (KHTML, like Gecko) Chrome/48.0.2564.116 Safari/537.36"
::1 - - [30/Mar/2016:23:06:14 +0000] "GET /css/blog.css HTTP/1.1" 304 - "http://localhost/blog/" "Mozilla/5.0 (Windows NT 6.1; WOW64) AppleWebKit/537.36 (KHTML, like Gecko) Chrome/48.0.2564.116 Safari/537.36"
::1 - - [30/Mar/2016:23:06:14 +0000] "GET /js/sea.js HTTP/1.1" 304 - "http://localhost/blog/" "Mozilla/5.0 (Windows NT 6.1; WOW64) AppleWebKit/537.36 (KHTML, like Gecko) Chrome/48.0.2564.116 Safari/537.36"
::1 - - [30/Mar/2016:23:06:14 +0000] "GET /images/logo.png HTTP/1.1" 304 - "http://localhost/blog/" "Mozilla/5.0 (Windows NT 6.1; WOW64) AppleWebKit/537.36 (KHTML, like Gecko) Chrome/48.0.2564.116 Safari/537.36"
::1 - - [30/Mar/2016:23:06:14 +0000] "GET /images/a1.jpg HTTP/1.1" 304 - "http://localhost/blog/" "Mozilla/5.0 (Windows NT 6.1; WOW64) AppleWebKit/537.36 (KHTML, like Gecko) Chrome/48.0.2564.116 Safari/537.36"
::1 - - [30/Mar/2016:23:06:14 +0000] "GET /images/01.jpg HTTP/1.1" 304 - "http://localhost/blog/" "Mozilla/5.0 (Windows NT 6.1; WOW64) AppleWebKit/537.36 (KHTML, like Gecko) Chrome/48.0.2564.116 Safari/537.36"
::1 - - [30/Mar/2016:23:06:14 +0000] "GET /images/a2.jpg HTTP/1.1" 304 - "http://localhost/blog/" "Mozilla/5.0 (Windows NT 6.1; WOW64) AppleWebKit/537.36 (KHTML, like Gecko) Chrome/48.0.2564.116 Safari/537.36"
::1 - - [30/Mar/2016:23:06:14 +0000] "GET /images/a3.jpg HTTP/1.1" 304 - "http://localhost/blog/" "Mozilla/5.0 (Windows NT 6.1; WOW64) AppleWebKit/537.36 (KHTML, like Gecko) Chrome/48.0.2564.116 Safari/537.36"
::1 - - [30/Mar/2016:23:06:14 +0000] "GET /images/a4.jpg HTTP/1.1" 304 - "http://localhost/blog/" "Mozilla/5.0 (Windows NT 6.1; WOW64) AppleWebKit/537.36 (KHTML, like Gecko) Chrome/48.0.2564.116 Safari/537.36"
::1 - - [30/Mar/2016:23:06:14 +0000] "GET /js/modules/index.js HTTP/1.1" 304 - "http://localhost/blog/" "Mozilla/5.0 (Windows NT 6.1; WOW64) AppleWebKit/537.36 (KHTML, like Gecko) Chrome/48.0.2564.116 Safari/537.36"
::1 - - [30/Mar/2016:23:06:14 +0000] "GET /js/modules/sea-jquery.js HTTP/1.1" 304 - "http://localhost/blog/" "Mozilla/5.0 (Windows NT 6.1; WOW64) AppleWebKit/537.36 (KHTML, like Gecko) Chrome/48.0.2564.116 Safari/537.36"
::1 - - [30/Mar/2016:23:06:14 +0000] "GET /js/modules/sea-jquery-datatable.js HTTP/1.1" 304 - "http://localhost/blog/" "Mozilla/5.0 (Windows NT 6.1; WOW64) AppleWebKit/537.36 (KHTML, like Gecko) Chrome/48.0.2564.116 Safari/537.36"
::1 - - [30/Mar/2016:23:06:14 +0000] "GET /js/modules/sea-jquery-easing.js HTTP/1.1" 304 - "http://localhost/blog/" "Mozilla/5.0 (Windows NT 6.1; WOW64) AppleWebKit/537.36 (KHTML, like Gecko) Chrome/48.0.2564.116 Safari/537.36"
::1 - - [30/Mar/2016:23:06:14 +0000] "GET /favicon.ico HTTP/1.1" 200 4286 "http://localhost/blog/" "Mozilla/5.0 (Windows NT 6.1; WOW64) AppleWebKit/537.36 (KHTML, like Gecko) Chrome/48.0.2564.116 Safari/537.36"
::1 - - [30/Mar/2016:23:07:27 +0000] "GET /blog/ HTTP/1.1" 304 - "-" "Mozilla/5.0 (Windows NT 6.1; WOW64) AppleWebKit/537.36 (KHTML, like Gecko) Chrome/48.0.2564.116 Safari/537.36"
::1 - - [30/Mar/2016:23:07:27 +0000] "GET /css/common.css HTTP/1.1" 304 - "http://localhost/blog/" "Mozilla/5.0 (Windows NT 6.1; WOW64) AppleWebKit/537.36 (KHTML, like Gecko) Chrome/48.0.2564.116 Safari/537.36"
::1 - - [30/Mar/2016:23:07:27 +0000] "GET /css/blog.css HTTP/1.1" 304 - "http://localhost/blog/" "Mozilla/5.0 (Windows NT 6.1; WOW64) AppleWebKit/537.36 (KHTML, like Gecko) Chrome/48.0.2564.116 Safari/537.36"
::1 - - [30/Mar/2016:23:07:27 +0000] "GET /js/sea.js HTTP/1.1" 304 - "http://localhost/blog/" "Mozilla/5.0 (Windows NT 6.1; WOW64) AppleWebKit/537.36 (KHTML, like Gecko) Chrome/48.0.2564.116 Safari/537.36"
::1 - - [30/Mar/2016:23:07:27 +0000] "GET /images/logo.png HTTP/1.1" 304 - "http://localhost/blog/" "Mozilla/5.0 (Windows NT 6.1; WOW64) AppleWebKit/537.36 (KHTML, like Gecko) Chrome/48.0.2564.116 Safari/537.36"
::1 - - [30/Mar/2016:23:07:27 +0000] "GET /images/a1.jpg HTTP/1.1" 304 - "http://localhost/blog/" "Mozilla/5.0 (Windows NT 6.1; WOW64) AppleWebKit/537.36 (KHTML, like Gecko) Chrome/48.0.2564.116 Safari/537.36"
::1 - - [30/Mar/2016:23:07:27 +0000] "GET /images/01.jpg HTTP/1.1" 304 - "http://localhost/blog/" "Mozilla/5.0 (Windows NT 6.1; WOW64) AppleWebKit/537.36 (KHTML, like Gecko) Chrome/48.0.2564.116 Safari/537.36"
::1 - - [30/Mar/2016:23:07:27 +0000] "GET /images/a2.jpg HTTP/1.1" 304 - "http://localhost/blog/" "Mozilla/5.0 (Windows NT 6.1; WOW64) AppleWebKit/537.36 (KHTML, like Gecko) Chrome/48.0.2564.116 Safari/537.36"
::1 - - [30/Mar/2016:23:07:27 +0000] "GET /images/a3.jpg HTTP/1.1" 304 - "http://localhost/blog/" "Mozilla/5.0 (Windows NT 6.1; WOW64) AppleWebKit/537.36 (KHTML, like Gecko) Chrome/48.0.2564.116 Safari/537.36"
::1 - - [30/Mar/2016:23:07:27 +0000] "GET /images/a4.jpg HTTP/1.1" 304 - "http://localhost/blog/" "Mozilla/5.0 (Windows NT 6.1; WOW64) AppleWebKit/537.36 (KHTML, like Gecko) Chrome/48.0.2564.116 Safari/537.36"
::1 - - [30/Mar/2016:23:07:27 +0000] "GET /js/modules/index.js HTTP/1.1" 304 - "http://localhost/blog/" "Mozilla/5.0 (Windows NT 6.1; WOW64) AppleWebKit/537.36 (KHTML, like Gecko) Chrome/48.0.2564.116 Safari/537.36"
::1 - - [30/Mar/2016:23:07:27 +0000] "GET /js/modules/sea-jquery.js HTTP/1.1" 304 - "http://localhost/blog/" "Mozilla/5.0 (Windows NT 6.1; WOW64) AppleWebKit/537.36 (KHTML, like Gecko) Chrome/48.0.2564.116 Safari/537.36"
::1 - - [30/Mar/2016:23:07:27 +0000] "GET /js/modules/sea-jquery-datatable.js HTTP/1.1" 304 - "http://localhost/blog/" "Mozilla/5.0 (Windows NT 6.1; WOW64) AppleWebKit/537.36 (KHTML, like Gecko) Chrome/48.0.2564.116 Safari/537.36"
::1 - - [30/Mar/2016:23:07:27 +0000] "GET /js/modules/sea-jquery-easing.js HTTP/1.1" 304 - "http://localhost/blog/" "Mozilla/5.0 (Windows NT 6.1; WOW64) AppleWebKit/537.36 (KHTML, like Gecko) Chrome/48.0.2564.116 Safari/537.36"
::1 - - [30/Mar/2016:23:07:27 +0000] "GET /favicon.ico HTTP/1.1" 200 4286 "http://localhost/blog/" "Mozilla/5.0 (Windows NT 6.1; WOW64) AppleWebKit/537.36 (KHTML, like Gecko) Chrome/48.0.2564.116 Safari/537.36"
::1 - - [30/Mar/2016:23:08:35 +0000] "GET /blog/ HTTP/1.1" 304 - "-" "Mozilla/5.0 (Windows NT 6.1; WOW64) AppleWebKit/537.36 (KHTML, like Gecko) Chrome/48.0.2564.116 Safari/537.36"
::1 - - [30/Mar/2016:23:08:35 +0000] "GET /css/common.css HTTP/1.1" 304 - "http://localhost/blog/" "Mozilla/5.0 (Windows NT 6.1; WOW64) AppleWebKit/537.36 (KHTML, like Gecko) Chrome/48.0.2564.116 Safari/537.36"
::1 - - [30/Mar/2016:23:08:35 +0000] "GET /css/blog.css HTTP/1.1" 304 - "http://localhost/blog/" "Mozilla/5.0 (Windows NT 6.1; WOW64) AppleWebKit/537.36 (KHTML, like Gecko) Chrome/48.0.2564.116 Safari/537.36"
::1 - - [30/Mar/2016:23:08:35 +0000] "GET /js/sea.js HTTP/1.1" 304 - "http://localhost/blog/" "Mozilla/5.0 (Windows NT 6.1; WOW64) AppleWebKit/537.36 (KHTML, like Gecko) Chrome/48.0.2564.116 Safari/537.36"
::1 - - [30/Mar/2016:23:08:36 +0000] "GET /images/logo.png HTTP/1.1" 304 - "http://localhost/blog/" "Mozilla/5.0 (Windows NT 6.1; WOW64) AppleWebKit/537.36 (KHTML, like Gecko) Chrome/48.0.2564.116 Safari/537.36"
::1 - - [30/Mar/2016:23:08:36 +0000] "GET /images/a1.jpg HTTP/1.1" 304 - "http://localhost/blog/" "Mozilla/5.0 (Windows NT 6.1; WOW64) AppleWebKit/537.36 (KHTML, like Gecko) Chrome/48.0.2564.116 Safari/537.36"
::1 - - [30/Mar/2016:23:08:36 +0000] "GET /images/01.jpg HTTP/1.1" 304 - "http://localhost/blog/" "Mozilla/5.0 (Windows NT 6.1; WOW64) AppleWebKit/537.36 (KHTML, like Gecko) Chrome/48.0.2564.116 Safari/537.36"
::1 - - [30/Mar/2016:23:08:36 +0000] "GET /images/a2.jpg HTTP/1.1" 304 - "http://localhost/blog/" "Mozilla/5.0 (Windows NT 6.1; WOW64) AppleWebKit/537.36 (KHTML, like Gecko) Chrome/48.0.2564.116 Safari/537.36"
::1 - - [30/Mar/2016:23:08:36 +0000] "GET /images/a3.jpg HTTP/1.1" 304 - "http://localhost/blog/" "Mozilla/5.0 (Windows NT 6.1; WOW64) AppleWebKit/537.36 (KHTML, like Gecko) Chrome/48.0.2564.116 Safari/537.36"
::1 - - [30/Mar/2016:23:08:36 +0000] "GET /images/a4.jpg HTTP/1.1" 304 - "http://localhost/blog/" "Mozilla/5.0 (Windows NT 6.1; WOW64) AppleWebKit/537.36 (KHTML, like Gecko) Chrome/48.0.2564.116 Safari/537.36"
::1 - - [30/Mar/2016:23:08:36 +0000] "GET /js/modules/index.js HTTP/1.1" 304 - "http://localhost/blog/" "Mozilla/5.0 (Windows NT 6.1; WOW64) AppleWebKit/537.36 (KHTML, like Gecko) Chrome/48.0.2564.116 Safari/537.36"
::1 - - [30/Mar/2016:23:08:36 +0000] "GET /js/modules/sea-jquery.js HTTP/1.1" 304 - "http://localhost/blog/" "Mozilla/5.0 (Windows NT 6.1; WOW64) AppleWebKit/537.36 (KHTML, like Gecko) Chrome/48.0.2564.116 Safari/537.36"
::1 - - [30/Mar/2016:23:08:36 +0000] "GET /js/modules/sea-jquery-datatable.js HTTP/1.1" 304 - "http://localhost/blog/" "Mozilla/5.0 (Windows NT 6.1; WOW64) AppleWebKit/537.36 (KHTML, like Gecko) Chrome/48.0.2564.116 Safari/537.36"
::1 - - [30/Mar/2016:23:08:36 +0000] "GET /js/modules/sea-jquery-easing.js HTTP/1.1" 304 - "http://localhost/blog/" "Mozilla/5.0 (Windows NT 6.1; WOW64) AppleWebKit/537.36 (KHTML, like Gecko) Chrome/48.0.2564.116 Safari/537.36"
::1 - - [30/Mar/2016:23:08:36 +0000] "GET /favicon.ico HTTP/1.1" 200 4286 "http://localhost/blog/" "Mozilla/5.0 (Windows NT 6.1; WOW64) AppleWebKit/537.36 (KHTML, like Gecko) Chrome/48.0.2564.116 Safari/537.36"
::1 - - [30/Mar/2016:23:08:36 +0000] "GET /blog/ HTTP/1.1" 304 - "-" "Mozilla/5.0 (Windows NT 6.1; WOW64) AppleWebKit/537.36 (KHTML, like Gecko) Chrome/48.0.2564.116 Safari/537.36"
::1 - - [30/Mar/2016:23:08:36 +0000] "GET /css/common.css HTTP/1.1" 304 - "http://localhost/blog/" "Mozilla/5.0 (Windows NT 6.1; WOW64) AppleWebKit/537.36 (KHTML, like Gecko) Chrome/48.0.2564.116 Safari/537.36"
::1 - - [30/Mar/2016:23:08:36 +0000] "GET /css/blog.css HTTP/1.1" 304 - "http://localhost/blog/" "Mozilla/5.0 (Windows NT 6.1; WOW64) AppleWebKit/537.36 (KHTML, like Gecko) Chrome/48.0.2564.116 Safari/537.36"
::1 - - [30/Mar/2016:23:08:36 +0000] "GET /js/sea.js HTTP/1.1" 304 - "http://localhost/blog/" "Mozilla/5.0 (Windows NT 6.1; WOW64) AppleWebKit/537.36 (KHTML, like Gecko) Chrome/48.0.2564.116 Safari/537.36"
::1 - - [30/Mar/2016:23:08:36 +0000] "GET /images/logo.png HTTP/1.1" 304 - "http://localhost/blog/" "Mozilla/5.0 (Windows NT 6.1; WOW64) AppleWebKit/537.36 (KHTML, like Gecko) Chrome/48.0.2564.116 Safari/537.36"
::1 - - [30/Mar/2016:23:08:36 +0000] "GET /images/a1.jpg HTTP/1.1" 304 - "http://localhost/blog/" "Mozilla/5.0 (Windows NT 6.1; WOW64) AppleWebKit/537.36 (KHTML, like Gecko) Chrome/48.0.2564.116 Safari/537.36"
::1 - - [30/Mar/2016:23:08:36 +0000] "GET /images/a2.jpg HTTP/1.1" 304 - "http://localhost/blog/" "Mozilla/5.0 (Windows NT 6.1; WOW64) AppleWebKit/537.36 (KHTML, like Gecko) Chrome/48.0.2564.116 Safari/537.36"
::1 - - [30/Mar/2016:23:08:36 +0000] "GET /images/a3.jpg HTTP/1.1" 304 - "http://localhost/blog/" "Mozilla/5.0 (Windows NT 6.1; WOW64) AppleWebKit/537.36 (KHTML, like Gecko) Chrome/48.0.2564.116 Safari/537.36"
::1 - - [30/Mar/2016:23:08:36 +0000] "GET /images/a4.jpg HTTP/1.1" 304 - "http://localhost/blog/" "Mozilla/5.0 (Windows NT 6.1; WOW64) AppleWebKit/537.36 (KHTML, like Gecko) Chrome/48.0.2564.116 Safari/537.36"
::1 - - [30/Mar/2016:23:08:36 +0000] "GET /images/01.jpg HTTP/1.1" 304 - "http://localhost/blog/" "Mozilla/5.0 (Windows NT 6.1; WOW64) AppleWebKit/537.36 (KHTML, like Gecko) Chrome/48.0.2564.116 Safari/537.36"
::1 - - [30/Mar/2016:23:08:36 +0000] "GET /js/modules/index.js HTTP/1.1" 304 - "http://localhost/blog/" "Mozilla/5.0 (Windows NT 6.1; WOW64) AppleWebKit/537.36 (KHTML, like Gecko) Chrome/48.0.2564.116 Safari/537.36"
::1 - - [30/Mar/2016:23:08:36 +0000] "GET /js/modules/sea-jquery.js HTTP/1.1" 304 - "http://localhost/blog/" "Mozilla/5.0 (Windows NT 6.1; WOW64) AppleWebKit/537.36 (KHTML, like Gecko) Chrome/48.0.2564.116 Safari/537.36"
::1 - - [30/Mar/2016:23:08:36 +0000] "GET /js/modules/sea-jquery-datatable.js HTTP/1.1" 304 - "http://localhost/blog/" "Mozilla/5.0 (Windows NT 6.1; WOW64) AppleWebKit/537.36 (KHTML, like Gecko) Chrome/48.0.2564.116 Safari/537.36"
::1 - - [30/Mar/2016:23:08:36 +0000] "GET /js/modules/sea-jquery-easing.js HTTP/1.1" 304 - "http://localhost/blog/" "Mozilla/5.0 (Windows NT 6.1; WOW64) AppleWebKit/537.36 (KHTML, like Gecko) Chrome/48.0.2564.116 Safari/537.36"
::1 - - [30/Mar/2016:23:08:36 +0000] "GET /blog/ HTTP/1.1" 304 - "-" "Mozilla/5.0 (Windows NT 6.1; WOW64) AppleWebKit/537.36 (KHTML, like Gecko) Chrome/48.0.2564.116 Safari/537.36"
::1 - - [30/Mar/2016:23:08:36 +0000] "GET /favicon.ico HTTP/1.1" 200 4286 "http://localhost/blog/" "Mozilla/5.0 (Windows NT 6.1; WOW64) AppleWebKit/537.36 (KHTML, like Gecko) Chrome/48.0.2564.116 Safari/537.36"
::1 - - [30/Mar/2016:23:08:36 +0000] "GET /css/common.css HTTP/1.1" 304 - "http://localhost/blog/" "Mozilla/5.0 (Windows NT 6.1; WOW64) AppleWebKit/537.36 (KHTML, like Gecko) Chrome/48.0.2564.116 Safari/537.36"
::1 - - [30/Mar/2016:23:08:36 +0000] "GET /css/blog.css HTTP/1.1" 304 - "http://localhost/blog/" "Mozilla/5.0 (Windows NT 6.1; WOW64) AppleWebKit/537.36 (KHTML, like Gecko) Chrome/48.0.2564.116 Safari/537.36"
::1 - - [30/Mar/2016:23:08:36 +0000] "GET /js/sea.js HTTP/1.1" 304 - "http://localhost/blog/" "Mozilla/5.0 (Windows NT 6.1; WOW64) AppleWebKit/537.36 (KHTML, like Gecko) Chrome/48.0.2564.116 Safari/537.36"
::1 - - [30/Mar/2016:23:08:36 +0000] "GET /images/logo.png HTTP/1.1" 304 - "http://localhost/blog/" "Mozilla/5.0 (Windows NT 6.1; WOW64) AppleWebKit/537.36 (KHTML, like Gecko) Chrome/48.0.2564.116 Safari/537.36"
::1 - - [30/Mar/2016:23:08:36 +0000] "GET /images/a1.jpg HTTP/1.1" 304 - "http://localhost/blog/" "Mozilla/5.0 (Windows NT 6.1; WOW64) AppleWebKit/537.36 (KHTML, like Gecko) Chrome/48.0.2564.116 Safari/537.36"
::1 - - [30/Mar/2016:23:08:36 +0000] "GET /images/01.jpg HTTP/1.1" 304 - "http://localhost/blog/" "Mozilla/5.0 (Windows NT 6.1; WOW64) AppleWebKit/537.36 (KHTML, like Gecko) Chrome/48.0.2564.116 Safari/537.36"
::1 - - [30/Mar/2016:23:08:36 +0000] "GET /images/a2.jpg HTTP/1.1" 304 - "http://localhost/blog/" "Mozilla/5.0 (Windows NT 6.1; WOW64) AppleWebKit/537.36 (KHTML, like Gecko) Chrome/48.0.2564.116 Safari/537.36"
::1 - - [30/Mar/2016:23:08:36 +0000] "GET /images/a3.jpg HTTP/1.1" 304 - "http://localhost/blog/" "Mozilla/5.0 (Windows NT 6.1; WOW64) AppleWebKit/537.36 (KHTML, like Gecko) Chrome/48.0.2564.116 Safari/537.36"
::1 - - [30/Mar/2016:23:08:36 +0000] "GET /images/a4.jpg HTTP/1.1" 304 - "http://localhost/blog/" "Mozilla/5.0 (Windows NT 6.1; WOW64) AppleWebKit/537.36 (KHTML, like Gecko) Chrome/48.0.2564.116 Safari/537.36"
::1 - - [30/Mar/2016:23:08:36 +0000] "GET /js/modules/index.js HTTP/1.1" 304 - "http://localhost/blog/" "Mozilla/5.0 (Windows NT 6.1; WOW64) AppleWebKit/537.36 (KHTML, like Gecko) Chrome/48.0.2564.116 Safari/537.36"
::1 - - [30/Mar/2016:23:08:36 +0000] "GET /js/modules/sea-jquery.js HTTP/1.1" 304 - "http://localhost/blog/" "Mozilla/5.0 (Windows NT 6.1; WOW64) AppleWebKit/537.36 (KHTML, like Gecko) Chrome/48.0.2564.116 Safari/537.36"
::1 - - [30/Mar/2016:23:08:36 +0000] "GET /js/modules/sea-jquery-datatable.js HTTP/1.1" 304 - "http://localhost/blog/" "Mozilla/5.0 (Windows NT 6.1; WOW64) AppleWebKit/537.36 (KHTML, like Gecko) Chrome/48.0.2564.116 Safari/537.36"
::1 - - [30/Mar/2016:23:08:36 +0000] "GET /js/modules/sea-jquery-easing.js HTTP/1.1" 304 - "http://localhost/blog/" "Mozilla/5.0 (Windows NT 6.1; WOW64) AppleWebKit/537.36 (KHTML, like Gecko) Chrome/48.0.2564.116 Safari/537.36"
::1 - - [30/Mar/2016:23:08:37 +0000] "GET /favicon.ico HTTP/1.1" 304 - "http://localhost/blog/" "Mozilla/5.0 (Windows NT 6.1; WOW64) AppleWebKit/537.36 (KHTML, like Gecko) Chrome/48.0.2564.116 Safari/537.36"
::1 - - [30/Mar/2016:23:10:06 +0000] "GET /blog/ HTTP/1.1" 304 - "-" "Mozilla/5.0 (Windows NT 6.1; WOW64) AppleWebKit/537.36 (KHTML, like Gecko) Chrome/48.0.2564.116 Safari/537.36"
::1 - - [30/Mar/2016:23:10:06 +0000] "GET /css/common.css HTTP/1.1" 304 - "http://localhost/blog/" "Mozilla/5.0 (Windows NT 6.1; WOW64) AppleWebKit/537.36 (KHTML, like Gecko) Chrome/48.0.2564.116 Safari/537.36"
::1 - - [30/Mar/2016:23:10:06 +0000] "GET /css/blog.css HTTP/1.1" 304 - "http://localhost/blog/" "Mozilla/5.0 (Windows NT 6.1; WOW64) AppleWebKit/537.36 (KHTML, like Gecko) Chrome/48.0.2564.116 Safari/537.36"
::1 - - [30/Mar/2016:23:10:06 +0000] "GET /js/sea.js HTTP/1.1" 304 - "http://localhost/blog/" "Mozilla/5.0 (Windows NT 6.1; WOW64) AppleWebKit/537.36 (KHTML, like Gecko) Chrome/48.0.2564.116 Safari/537.36"
::1 - - [30/Mar/2016:23:10:06 +0000] "GET /images/logo.png HTTP/1.1" 304 - "http://localhost/blog/" "Mozilla/5.0 (Windows NT 6.1; WOW64) AppleWebKit/537.36 (KHTML, like Gecko) Chrome/48.0.2564.116 Safari/537.36"
::1 - - [30/Mar/2016:23:10:06 +0000] "GET /images/a1.jpg HTTP/1.1" 304 - "http://localhost/blog/" "Mozilla/5.0 (Windows NT 6.1; WOW64) AppleWebKit/537.36 (KHTML, like Gecko) Chrome/48.0.2564.116 Safari/537.36"
::1 - - [30/Mar/2016:23:10:06 +0000] "GET /images/01.jpg HTTP/1.1" 304 - "http://localhost/blog/" "Mozilla/5.0 (Windows NT 6.1; WOW64) AppleWebKit/537.36 (KHTML, like Gecko) Chrome/48.0.2564.116 Safari/537.36"
::1 - - [30/Mar/2016:23:10:06 +0000] "GET /images/a2.jpg HTTP/1.1" 304 - "http://localhost/blog/" "Mozilla/5.0 (Windows NT 6.1; WOW64) AppleWebKit/537.36 (KHTML, like Gecko) Chrome/48.0.2564.116 Safari/537.36"
::1 - - [30/Mar/2016:23:10:06 +0000] "GET /images/a3.jpg HTTP/1.1" 304 - "http://localhost/blog/" "Mozilla/5.0 (Windows NT 6.1; WOW64) AppleWebKit/537.36 (KHTML, like Gecko) Chrome/48.0.2564.116 Safari/537.36"
::1 - - [30/Mar/2016:23:10:06 +0000] "GET /images/a4.jpg HTTP/1.1" 304 - "http://localhost/blog/" "Mozilla/5.0 (Windows NT 6.1; WOW64) AppleWebKit/537.36 (KHTML, like Gecko) Chrome/48.0.2564.116 Safari/537.36"
::1 - - [30/Mar/2016:23:10:06 +0000] "GET /js/modules/index.js HTTP/1.1" 304 - "http://localhost/blog/" "Mozilla/5.0 (Windows NT 6.1; WOW64) AppleWebKit/537.36 (KHTML, like Gecko) Chrome/48.0.2564.116 Safari/537.36"
::1 - - [30/Mar/2016:23:10:06 +0000] "GET /js/modules/sea-jquery.js HTTP/1.1" 304 - "http://localhost/blog/" "Mozilla/5.0 (Windows NT 6.1; WOW64) AppleWebKit/537.36 (KHTML, like Gecko) Chrome/48.0.2564.116 Safari/537.36"
::1 - - [30/Mar/2016:23:10:06 +0000] "GET /js/modules/sea-jquery-datatable.js HTTP/1.1" 304 - "http://localhost/blog/" "Mozilla/5.0 (Windows NT 6.1; WOW64) AppleWebKit/537.36 (KHTML, like Gecko) Chrome/48.0.2564.116 Safari/537.36"
::1 - - [30/Mar/2016:23:10:06 +0000] "GET /js/modules/sea-jquery-easing.js HTTP/1.1" 304 - "http://localhost/blog/" "Mozilla/5.0 (Windows NT 6.1; WOW64) AppleWebKit/537.36 (KHTML, like Gecko) Chrome/48.0.2564.116 Safari/537.36"
::1 - - [30/Mar/2016:23:10:06 +0000] "GET /favicon.ico HTTP/1.1" 200 4286 "http://localhost/blog/" "Mozilla/5.0 (Windows NT 6.1; WOW64) AppleWebKit/537.36 (KHTML, like Gecko) Chrome/48.0.2564.116 Safari/537.36"
::1 - - [30/Mar/2016:23:10:30 +0000] "GET /blog/ HTTP/1.1" 304 - "-" "Mozilla/5.0 (Windows NT 6.1; WOW64) AppleWebKit/537.36 (KHTML, like Gecko) Chrome/48.0.2564.116 Safari/537.36"
::1 - - [30/Mar/2016:23:10:30 +0000] "GET /css/common.css HTTP/1.1" 304 - "http://localhost/blog/" "Mozilla/5.0 (Windows NT 6.1; WOW64) AppleWebKit/537.36 (KHTML, like Gecko) Chrome/48.0.2564.116 Safari/537.36"
::ffff:127.0.0.1 - - [30/Mar/2016:23:10:30 +0000] "GET /css/blog.css HTTP/1.1" 304 - "http://localhost/blog/" "Mozilla/5.0 (Windows NT 6.1; WOW64) AppleWebKit/537.36 (KHTML, like Gecko) Chrome/48.0.2564.116 Safari/537.36"
::1 - - [30/Mar/2016:23:10:30 +0000] "GET /js/sea.js HTTP/1.1" 304 - "http://localhost/blog/" "Mozilla/5.0 (Windows NT 6.1; WOW64) AppleWebKit/537.36 (KHTML, like Gecko) Chrome/48.0.2564.116 Safari/537.36"
::1 - - [30/Mar/2016:23:10:30 +0000] "GET /images/logo.png HTTP/1.1" 304 - "http://localhost/blog/" "Mozilla/5.0 (Windows NT 6.1; WOW64) AppleWebKit/537.36 (KHTML, like Gecko) Chrome/48.0.2564.116 Safari/537.36"
::ffff:127.0.0.1 - - [30/Mar/2016:23:10:30 +0000] "GET /images/a1.jpg HTTP/1.1" 304 - "http://localhost/blog/" "Mozilla/5.0 (Windows NT 6.1; WOW64) AppleWebKit/537.36 (KHTML, like Gecko) Chrome/48.0.2564.116 Safari/537.36"
::1 - - [30/Mar/2016:23:10:30 +0000] "GET /images/a2.jpg HTTP/1.1" 304 - "http://localhost/blog/" "Mozilla/5.0 (Windows NT 6.1; WOW64) AppleWebKit/537.36 (KHTML, like Gecko) Chrome/48.0.2564.116 Safari/537.36"
::1 - - [30/Mar/2016:23:10:30 +0000] "GET /images/a3.jpg HTTP/1.1" 304 - "http://localhost/blog/" "Mozilla/5.0 (Windows NT 6.1; WOW64) AppleWebKit/537.36 (KHTML, like Gecko) Chrome/48.0.2564.116 Safari/537.36"
::ffff:127.0.0.1 - - [30/Mar/2016:23:10:30 +0000] "GET /images/a4.jpg HTTP/1.1" 304 - "http://localhost/blog/" "Mozilla/5.0 (Windows NT 6.1; WOW64) AppleWebKit/537.36 (KHTML, like Gecko) Chrome/48.0.2564.116 Safari/537.36"
::1 - - [30/Mar/2016:23:10:30 +0000] "GET /images/01.jpg HTTP/1.1" 304 - "http://localhost/blog/" "Mozilla/5.0 (Windows NT 6.1; WOW64) AppleWebKit/537.36 (KHTML, like Gecko) Chrome/48.0.2564.116 Safari/537.36"
::1 - - [30/Mar/2016:23:10:30 +0000] "GET /js/modules/index.js HTTP/1.1" 304 - "http://localhost/blog/" "Mozilla/5.0 (Windows NT 6.1; WOW64) AppleWebKit/537.36 (KHTML, like Gecko) Chrome/48.0.2564.116 Safari/537.36"
::1 - - [30/Mar/2016:23:10:30 +0000] "GET /js/modules/sea-jquery.js HTTP/1.1" 304 - "http://localhost/blog/" "Mozilla/5.0 (Windows NT 6.1; WOW64) AppleWebKit/537.36 (KHTML, like Gecko) Chrome/48.0.2564.116 Safari/537.36"
::ffff:127.0.0.1 - - [30/Mar/2016:23:10:30 +0000] "GET /js/modules/sea-jquery-datatable.js HTTP/1.1" 304 - "http://localhost/blog/" "Mozilla/5.0 (Windows NT 6.1; WOW64) AppleWebKit/537.36 (KHTML, like Gecko) Chrome/48.0.2564.116 Safari/537.36"
::ffff:127.0.0.1 - - [30/Mar/2016:23:10:30 +0000] "GET /js/modules/sea-jquery-easing.js HTTP/1.1" 304 - "http://localhost/blog/" "Mozilla/5.0 (Windows NT 6.1; WOW64) AppleWebKit/537.36 (KHTML, like Gecko) Chrome/48.0.2564.116 Safari/537.36"
::ffff:127.0.0.1 - - [30/Mar/2016:23:10:33 +0000] "GET /blog/ HTTP/1.1" 304 - "-" "Mozilla/5.0 (Windows NT 6.1; WOW64) AppleWebKit/537.36 (KHTML, like Gecko) Chrome/48.0.2564.116 Safari/537.36"
::ffff:127.0.0.1 - - [30/Mar/2016:23:10:33 +0000] "GET /css/common.css HTTP/1.1" 304 - "http://localhost/blog/" "Mozilla/5.0 (Windows NT 6.1; WOW64) AppleWebKit/537.36 (KHTML, like Gecko) Chrome/48.0.2564.116 Safari/537.36"
::1 - - [30/Mar/2016:23:10:33 +0000] "GET /css/blog.css HTTP/1.1" 304 - "http://localhost/blog/" "Mozilla/5.0 (Windows NT 6.1; WOW64) AppleWebKit/537.36 (KHTML, like Gecko) Chrome/48.0.2564.116 Safari/537.36"
::1 - - [30/Mar/2016:23:10:33 +0000] "GET /js/sea.js HTTP/1.1" 304 - "http://localhost/blog/" "Mozilla/5.0 (Windows NT 6.1; WOW64) AppleWebKit/537.36 (KHTML, like Gecko) Chrome/48.0.2564.116 Safari/537.36"
::1 - - [30/Mar/2016:23:10:33 +0000] "GET /images/logo.png HTTP/1.1" 304 - "http://localhost/blog/" "Mozilla/5.0 (Windows NT 6.1; WOW64) AppleWebKit/537.36 (KHTML, like Gecko) Chrome/48.0.2564.116 Safari/537.36"
::1 - - [30/Mar/2016:23:10:33 +0000] "GET /images/a1.jpg HTTP/1.1" 304 - "http://localhost/blog/" "Mozilla/5.0 (Windows NT 6.1; WOW64) AppleWebKit/537.36 (KHTML, like Gecko) Chrome/48.0.2564.116 Safari/537.36"
::1 - - [30/Mar/2016:23:10:33 +0000] "GET /images/01.jpg HTTP/1.1" 304 - "http://localhost/blog/" "Mozilla/5.0 (Windows NT 6.1; WOW64) AppleWebKit/537.36 (KHTML, like Gecko) Chrome/48.0.2564.116 Safari/537.36"
::1 - - [30/Mar/2016:23:10:33 +0000] "GET /images/a2.jpg HTTP/1.1" 304 - "http://localhost/blog/" "Mozilla/5.0 (Windows NT 6.1; WOW64) AppleWebKit/537.36 (KHTML, like Gecko) Chrome/48.0.2564.116 Safari/537.36"
::ffff:127.0.0.1 - - [30/Mar/2016:23:10:33 +0000] "GET /images/a3.jpg HTTP/1.1" 304 - "http://localhost/blog/" "Mozilla/5.0 (Windows NT 6.1; WOW64) AppleWebKit/537.36 (KHTML, like Gecko) Chrome/48.0.2564.116 Safari/537.36"
::1 - - [30/Mar/2016:23:10:33 +0000] "GET /images/a4.jpg HTTP/1.1" 304 - "http://localhost/blog/" "Mozilla/5.0 (Windows NT 6.1; WOW64) AppleWebKit/537.36 (KHTML, like Gecko) Chrome/48.0.2564.116 Safari/537.36"
::1 - - [30/Mar/2016:23:10:33 +0000] "GET /js/modules/index.js HTTP/1.1" 304 - "http://localhost/blog/" "Mozilla/5.0 (Windows NT 6.1; WOW64) AppleWebKit/537.36 (KHTML, like Gecko) Chrome/48.0.2564.116 Safari/537.36"
::1 - - [30/Mar/2016:23:10:33 +0000] "GET /js/modules/sea-jquery.js HTTP/1.1" 304 - "http://localhost/blog/" "Mozilla/5.0 (Windows NT 6.1; WOW64) AppleWebKit/537.36 (KHTML, like Gecko) Chrome/48.0.2564.116 Safari/537.36"
::1 - - [30/Mar/2016:23:10:33 +0000] "GET /js/modules/sea-jquery-datatable.js HTTP/1.1" 304 - "http://localhost/blog/" "Mozilla/5.0 (Windows NT 6.1; WOW64) AppleWebKit/537.36 (KHTML, like Gecko) Chrome/48.0.2564.116 Safari/537.36"
::ffff:127.0.0.1 - - [30/Mar/2016:23:10:33 +0000] "GET /js/modules/sea-jquery-easing.js HTTP/1.1" 304 - "http://localhost/blog/" "Mozilla/5.0 (Windows NT 6.1; WOW64) AppleWebKit/537.36 (KHTML, like Gecko) Chrome/48.0.2564.116 Safari/537.36"
::1 - - [30/Mar/2016:23:12:59 +0000] "GET /blog/ HTTP/1.1" 304 - "-" "Mozilla/5.0 (Windows NT 6.1; WOW64) AppleWebKit/537.36 (KHTML, like Gecko) Chrome/48.0.2564.116 Safari/537.36"
::1 - - [30/Mar/2016:23:12:59 +0000] "GET /css/common.css HTTP/1.1" 304 - "http://localhost/blog/" "Mozilla/5.0 (Windows NT 6.1; WOW64) AppleWebKit/537.36 (KHTML, like Gecko) Chrome/48.0.2564.116 Safari/537.36"
::1 - - [30/Mar/2016:23:12:59 +0000] "GET /css/blog.css HTTP/1.1" 304 - "http://localhost/blog/" "Mozilla/5.0 (Windows NT 6.1; WOW64) AppleWebKit/537.36 (KHTML, like Gecko) Chrome/48.0.2564.116 Safari/537.36"
::1 - - [30/Mar/2016:23:12:59 +0000] "GET /js/sea.js HTTP/1.1" 304 - "http://localhost/blog/" "Mozilla/5.0 (Windows NT 6.1; WOW64) AppleWebKit/537.36 (KHTML, like Gecko) Chrome/48.0.2564.116 Safari/537.36"
::1 - - [30/Mar/2016:23:12:59 +0000] "GET /images/logo.png HTTP/1.1" 304 - "http://localhost/blog/" "Mozilla/5.0 (Windows NT 6.1; WOW64) AppleWebKit/537.36 (KHTML, like Gecko) Chrome/48.0.2564.116 Safari/537.36"
::1 - - [30/Mar/2016:23:12:59 +0000] "GET /images/a1.jpg HTTP/1.1" 304 - "http://localhost/blog/" "Mozilla/5.0 (Windows NT 6.1; WOW64) AppleWebKit/537.36 (KHTML, like Gecko) Chrome/48.0.2564.116 Safari/537.36"
::1 - - [30/Mar/2016:23:12:59 +0000] "GET /images/01.jpg HTTP/1.1" 304 - "http://localhost/blog/" "Mozilla/5.0 (Windows NT 6.1; WOW64) AppleWebKit/537.36 (KHTML, like Gecko) Chrome/48.0.2564.116 Safari/537.36"
::1 - - [30/Mar/2016:23:12:59 +0000] "GET /images/a2.jpg HTTP/1.1" 304 - "http://localhost/blog/" "Mozilla/5.0 (Windows NT 6.1; WOW64) AppleWebKit/537.36 (KHTML, like Gecko) Chrome/48.0.2564.116 Safari/537.36"
::1 - - [30/Mar/2016:23:12:59 +0000] "GET /images/a3.jpg HTTP/1.1" 304 - "http://localhost/blog/" "Mozilla/5.0 (Windows NT 6.1; WOW64) AppleWebKit/537.36 (KHTML, like Gecko) Chrome/48.0.2564.116 Safari/537.36"
::1 - - [30/Mar/2016:23:12:59 +0000] "GET /images/a4.jpg HTTP/1.1" 304 - "http://localhost/blog/" "Mozilla/5.0 (Windows NT 6.1; WOW64) AppleWebKit/537.36 (KHTML, like Gecko) Chrome/48.0.2564.116 Safari/537.36"
::1 - - [30/Mar/2016:23:12:59 +0000] "GET /js/modules/index.js HTTP/1.1" 304 - "http://localhost/blog/" "Mozilla/5.0 (Windows NT 6.1; WOW64) AppleWebKit/537.36 (KHTML, like Gecko) Chrome/48.0.2564.116 Safari/537.36"
::1 - - [30/Mar/2016:23:12:59 +0000] "GET /js/modules/sea-jquery.js HTTP/1.1" 304 - "http://localhost/blog/" "Mozilla/5.0 (Windows NT 6.1; WOW64) AppleWebKit/537.36 (KHTML, like Gecko) Chrome/48.0.2564.116 Safari/537.36"
::1 - - [30/Mar/2016:23:12:59 +0000] "GET /js/modules/sea-jquery-datatable.js HTTP/1.1" 304 - "http://localhost/blog/" "Mozilla/5.0 (Windows NT 6.1; WOW64) AppleWebKit/537.36 (KHTML, like Gecko) Chrome/48.0.2564.116 Safari/537.36"
::1 - - [30/Mar/2016:23:12:59 +0000] "GET /js/modules/sea-jquery-easing.js HTTP/1.1" 304 - "http://localhost/blog/" "Mozilla/5.0 (Windows NT 6.1; WOW64) AppleWebKit/537.36 (KHTML, like Gecko) Chrome/48.0.2564.116 Safari/537.36"
::1 - - [30/Mar/2016:23:13:00 +0000] "GET /favicon.ico HTTP/1.1" 200 4286 "http://localhost/blog/" "Mozilla/5.0 (Windows NT 6.1; WOW64) AppleWebKit/537.36 (KHTML, like Gecko) Chrome/48.0.2564.116 Safari/537.36"
